{"/Users/sthwaites/src/solo/mouthwash/src/App.tsx": {"path":"/Users/sthwaites/src/solo/mouthwash/src/App.tsx","statementMap":{"0":{"start":{"line":14,"column":38},"end":{"line":14,"column":null}},"1":{"start":{"line":15,"column":8},"end":{"line":15,"column":null}},"2":{"start":{"line":16,"column":8},"end":{"line":16,"column":null}},"3":{"start":{"line":19,"column":17},"end":{"line":19,"column":null}},"4":{"start":{"line":22,"column":20},"end":{"line":26,"column":null}},"5":{"start":{"line":23,"column":4},"end":{"line":25,"column":null}},"6":{"start":{"line":24,"column":6},"end":{"line":24,"column":null}},"7":{"start":{"line":28,"column":24},"end":{"line":28,"column":null}},"8":{"start":{"line":29,"column":28},"end":{"line":29,"column":null}},"9":{"start":{"line":30,"column":38},"end":{"line":30,"column":null}},"10":{"start":{"line":31,"column":38},"end":{"line":31,"column":null}},"11":{"start":{"line":32,"column":36},"end":{"line":32,"column":null}},"12":{"start":{"line":33,"column":36},"end":{"line":33,"column":null}},"13":{"start":{"line":34,"column":32},"end":{"line":34,"column":null}},"14":{"start":{"line":35,"column":30},"end":{"line":35,"column":null}},"15":{"start":{"line":36,"column":48},"end":{"line":36,"column":null}},"16":{"start":{"line":37,"column":40},"end":{"line":37,"column":null}},"17":{"start":{"line":39,"column":26},"end":{"line":39,"column":null}},"18":{"start":{"line":41,"column":32},"end":{"line":41,"column":null}},"19":{"start":{"line":42,"column":34},"end":{"line":42,"column":null}},"20":{"start":{"line":43,"column":32},"end":{"line":43,"column":null}},"21":{"start":{"line":44,"column":24},"end":{"line":44,"column":null}},"22":{"start":{"line":45,"column":42},"end":{"line":45,"column":null}},"23":{"start":{"line":48,"column":46},"end":{"line":48,"column":null}},"24":{"start":{"line":49,"column":48},"end":{"line":49,"column":null}},"25":{"start":{"line":51,"column":2},"end":{"line":71,"column":null}},"26":{"start":{"line":52,"column":4},"end":{"line":56,"column":null}},"27":{"start":{"line":53,"column":6},"end":{"line":53,"column":null}},"28":{"start":{"line":54,"column":6},"end":{"line":54,"column":null}},"29":{"start":{"line":55,"column":6},"end":{"line":55,"column":null}},"30":{"start":{"line":58,"column":4},"end":{"line":58,"column":null}},"31":{"start":{"line":60,"column":24},"end":{"line":64,"column":null}},"32":{"start":{"line":61,"column":21},"end":{"line":61,"column":null}},"33":{"start":{"line":62,"column":6},"end":{"line":62,"column":null}},"34":{"start":{"line":63,"column":6},"end":{"line":63,"column":null}},"35":{"start":{"line":66,"column":18},"end":{"line":68,"column":null}},"36":{"start":{"line":67,"column":6},"end":{"line":67,"column":null}},"37":{"start":{"line":70,"column":4},"end":{"line":70,"column":null}},"38":{"start":{"line":70,"column":17},"end":{"line":70,"column":null}},"39":{"start":{"line":74,"column":24},"end":{"line":94,"column":null}},"40":{"start":{"line":75,"column":4},"end":{"line":75,"column":null}},"41":{"start":{"line":76,"column":4},"end":{"line":76,"column":null}},"42":{"start":{"line":77,"column":4},"end":{"line":93,"column":null}},"43":{"start":{"line":78,"column":21},"end":{"line":78,"column":null}},"44":{"start":{"line":79,"column":21},"end":{"line":79,"column":null}},"45":{"start":{"line":80,"column":21},"end":{"line":80,"column":null}},"46":{"start":{"line":81,"column":26},"end":{"line":81,"column":null}},"47":{"start":{"line":83,"column":6},"end":{"line":83,"column":null}},"48":{"start":{"line":84,"column":6},"end":{"line":86,"column":null}},"49":{"start":{"line":85,"column":8},"end":{"line":85,"column":null}},"50":{"start":{"line":88,"column":6},"end":{"line":88,"column":null}},"51":{"start":{"line":89,"column":27},"end":{"line":89,"column":null}},"52":{"start":{"line":90,"column":6},"end":{"line":90,"column":null}},"53":{"start":{"line":92,"column":6},"end":{"line":92,"column":null}},"54":{"start":{"line":96,"column":38},"end":{"line":98,"column":null}},"55":{"start":{"line":97,"column":4},"end":{"line":97,"column":null}},"56":{"start":{"line":97,"column":28},"end":{"line":97,"column":61}},"57":{"start":{"line":100,"column":20},"end":{"line":104,"column":null}},"58":{"start":{"line":101,"column":4},"end":{"line":101,"column":null}},"59":{"start":{"line":102,"column":4},"end":{"line":102,"column":null}},"60":{"start":{"line":103,"column":4},"end":{"line":103,"column":null}},"61":{"start":{"line":106,"column":2},"end":{"line":276,"column":null}},"62":{"start":{"line":112,"column":25},"end":{"line":112,"column":null}},"63":{"start":{"line":172,"column":27},"end":{"line":172,"column":null}},"64":{"start":{"line":229,"column":40},"end":{"line":229,"column":null}},"65":{"start":{"line":267,"column":139},"end":{"line":267,"column":164}}},"fnMap":{"0":{"name":"App","decl":{"start":{"line":13,"column":9},"end":{"line":13,"column":15}},"loc":{"start":{"line":13,"column":15},"end":{"line":278,"column":null}},"line":13},"1":{"name":"(anonymous_1)","decl":{"start":{"line":22,"column":20},"end":{"line":22,"column":21}},"loc":{"start":{"line":22,"column":37},"end":{"line":26,"column":null}},"line":22},"2":{"name":"(anonymous_2)","decl":{"start":{"line":51,"column":12},"end":{"line":51,"column":18}},"loc":{"start":{"line":51,"column":18},"end":{"line":71,"column":5}},"line":51},"3":{"name":"(anonymous_3)","decl":{"start":{"line":60,"column":24},"end":{"line":60,"column":36}},"loc":{"start":{"line":60,"column":36},"end":{"line":64,"column":null}},"line":60},"4":{"name":"(anonymous_4)","decl":{"start":{"line":66,"column":29},"end":{"line":66,"column":35}},"loc":{"start":{"line":66,"column":35},"end":{"line":68,"column":7}},"line":66},"5":{"name":"(anonymous_5)","decl":{"start":{"line":70,"column":11},"end":{"line":70,"column":17}},"loc":{"start":{"line":70,"column":17},"end":{"line":70,"column":null}},"line":70},"6":{"name":"(anonymous_6)","decl":{"start":{"line":74,"column":24},"end":{"line":74,"column":31}},"loc":{"start":{"line":74,"column":62},"end":{"line":94,"column":null}},"line":74},"7":{"name":"(anonymous_7)","decl":{"start":{"line":96,"column":38},"end":{"line":96,"column":39}},"loc":{"start":{"line":96,"column":56},"end":{"line":98,"column":null}},"line":96},"8":{"name":"(anonymous_8)","decl":{"start":{"line":97,"column":17},"end":{"line":97,"column":18}},"loc":{"start":{"line":97,"column":28},"end":{"line":97,"column":61}},"line":97},"9":{"name":"(anonymous_9)","decl":{"start":{"line":100,"column":20},"end":{"line":100,"column":26}},"loc":{"start":{"line":100,"column":26},"end":{"line":104,"column":null}},"line":100},"10":{"name":"(anonymous_10)","decl":{"start":{"line":112,"column":19},"end":{"line":112,"column":25}},"loc":{"start":{"line":112,"column":25},"end":{"line":112,"column":null}},"line":112},"11":{"name":"(anonymous_11)","decl":{"start":{"line":172,"column":21},"end":{"line":172,"column":27}},"loc":{"start":{"line":172,"column":27},"end":{"line":172,"column":null}},"line":172},"12":{"name":"(anonymous_12)","decl":{"start":{"line":229,"column":34},"end":{"line":229,"column":40}},"loc":{"start":{"line":229,"column":40},"end":{"line":229,"column":null}},"line":229},"13":{"name":"(anonymous_13)","decl":{"start":{"line":267,"column":133},"end":{"line":267,"column":139}},"loc":{"start":{"line":267,"column":139},"end":{"line":267,"column":164}},"line":267}},"branchMap":{"0":{"loc":{"start":{"line":19,"column":17},"end":{"line":19,"column":null}},"type":"cond-expr","locations":[{"start":{"line":19,"column":45},"end":{"line":19,"column":57}},{"start":{"line":19,"column":57},"end":{"line":19,"column":null}}],"line":19},"1":{"loc":{"start":{"line":19,"column":17},"end":{"line":19,"column":45}},"type":"binary-expr","locations":[{"start":{"line":19,"column":17},"end":{"line":19,"column":33}},{"start":{"line":19,"column":33},"end":{"line":19,"column":45}}],"line":19},"2":{"loc":{"start":{"line":23,"column":4},"end":{"line":25,"column":null}},"type":"if","locations":[{"start":{"line":23,"column":4},"end":{"line":25,"column":null}},{"start":{},"end":{}}],"line":23},"3":{"loc":{"start":{"line":52,"column":4},"end":{"line":56,"column":null}},"type":"if","locations":[{"start":{"line":52,"column":4},"end":{"line":56,"column":null}},{"start":{},"end":{}}],"line":52},"4":{"loc":{"start":{"line":62,"column":26},"end":{"line":62,"column":62}},"type":"cond-expr","locations":[{"start":{"line":62,"column":43},"end":{"line":62,"column":53}},{"start":{"line":62,"column":53},"end":{"line":62,"column":62}}],"line":62},"5":{"loc":{"start":{"line":63,"column":27},"end":{"line":63,"column":49}},"type":"binary-expr","locations":[{"start":{"line":63,"column":27},"end":{"line":63,"column":45}},{"start":{"line":63,"column":45},"end":{"line":63,"column":49}}],"line":63},"6":{"loc":{"start":{"line":79,"column":21},"end":{"line":79,"column":null}},"type":"cond-expr","locations":[{"start":{"line":79,"column":51},"end":{"line":79,"column":73}},{"start":{"line":79,"column":73},"end":{"line":79,"column":null}}],"line":79},"7":{"loc":{"start":{"line":79,"column":21},"end":{"line":79,"column":51}},"type":"binary-expr","locations":[{"start":{"line":79,"column":21},"end":{"line":79,"column":36}},{"start":{"line":79,"column":36},"end":{"line":79,"column":51}}],"line":79},"8":{"loc":{"start":{"line":80,"column":21},"end":{"line":80,"column":null}},"type":"cond-expr","locations":[{"start":{"line":80,"column":51},"end":{"line":80,"column":73}},{"start":{"line":80,"column":73},"end":{"line":80,"column":null}}],"line":80},"9":{"loc":{"start":{"line":80,"column":21},"end":{"line":80,"column":51}},"type":"binary-expr","locations":[{"start":{"line":80,"column":21},"end":{"line":80,"column":36}},{"start":{"line":80,"column":36},"end":{"line":80,"column":51}}],"line":80},"10":{"loc":{"start":{"line":84,"column":6},"end":{"line":86,"column":null}},"type":"if","locations":[{"start":{"line":84,"column":6},"end":{"line":86,"column":null}},{"start":{},"end":{}}],"line":84},"11":{"loc":{"start":{"line":89,"column":27},"end":{"line":89,"column":null}},"type":"cond-expr","locations":[{"start":{"line":89,"column":50},"end":{"line":89,"column":64}},{"start":{"line":89,"column":64},"end":{"line":89,"column":null}}],"line":89},"12":{"loc":{"start":{"line":97,"column":28},"end":{"line":97,"column":61}},"type":"cond-expr","locations":[{"start":{"line":97,"column":35},"end":{"line":97,"column":56}},{"start":{"line":97,"column":56},"end":{"line":97,"column":61}}],"line":97},"13":{"loc":{"start":{"line":109,"column":7},"end":{"line":132,"column":null}},"type":"binary-expr","locations":[{"start":{"line":109,"column":7},"end":{"line":109,"column":null}},{"start":{"line":110,"column":8},"end":{"line":132,"column":null}}],"line":109},"14":{"loc":{"start":{"line":152,"column":71},"end":{"line":152,"column":null}},"type":"binary-expr","locations":[{"start":{"line":152,"column":71},"end":{"line":152,"column":92}},{"start":{"line":152,"column":92},"end":{"line":152,"column":null}}],"line":152},"15":{"loc":{"start":{"line":153,"column":21},"end":{"line":153,"column":null}},"type":"binary-expr","locations":[{"start":{"line":153,"column":21},"end":{"line":153,"column":37}},{"start":{"line":153,"column":37},"end":{"line":153,"column":null}}],"line":153},"16":{"loc":{"start":{"line":154,"column":21},"end":{"line":155,"column":null}},"type":"binary-expr","locations":[{"start":{"line":154,"column":21},"end":{"line":154,"column":null}},{"start":{"line":155,"column":22},"end":{"line":155,"column":null}}],"line":154},"17":{"loc":{"start":{"line":157,"column":21},"end":{"line":158,"column":null}},"type":"binary-expr","locations":[{"start":{"line":157,"column":21},"end":{"line":157,"column":null}},{"start":{"line":158,"column":22},"end":{"line":158,"column":null}}],"line":157},"18":{"loc":{"start":{"line":160,"column":21},"end":{"line":161,"column":null}},"type":"binary-expr","locations":[{"start":{"line":160,"column":21},"end":{"line":160,"column":null}},{"start":{"line":161,"column":22},"end":{"line":161,"column":null}}],"line":160},"19":{"loc":{"start":{"line":197,"column":19},"end":{"line":203,"column":null}},"type":"binary-expr","locations":[{"start":{"line":197,"column":19},"end":{"line":197,"column":null}},{"start":{"line":198,"column":20},"end":{"line":203,"column":null}}],"line":197},"20":{"loc":{"start":{"line":240,"column":17},"end":{"line":244,"column":null}},"type":"binary-expr","locations":[{"start":{"line":240,"column":17},"end":{"line":240,"column":null}},{"start":{"line":241,"column":18},"end":{"line":244,"column":null}}],"line":240},"21":{"loc":{"start":{"line":250,"column":11},"end":{"line":254,"column":null}},"type":"binary-expr","locations":[{"start":{"line":250,"column":11},"end":{"line":250,"column":null}},{"start":{"line":251,"column":12},"end":{"line":254,"column":null}}],"line":250},"22":{"loc":{"start":{"line":262,"column":24},"end":{"line":262,"column":null}},"type":"binary-expr","locations":[{"start":{"line":262,"column":24},"end":{"line":262,"column":35}},{"start":{"line":262,"column":35},"end":{"line":262,"column":null}}],"line":262},"23":{"loc":{"start":{"line":263,"column":12},"end":{"line":271,"column":null}},"type":"binary-expr","locations":[{"start":{"line":264,"column":14},"end":{"line":264,"column":25}},{"start":{"line":264,"column":25},"end":{"line":264,"column":null}},{"start":{"line":265,"column":14},"end":{"line":271,"column":null}}],"line":263},"24":{"loc":{"start":{"line":266,"column":17},"end":{"line":269,"column":null}},"type":"cond-expr","locations":[{"start":{"line":267,"column":18},"end":{"line":267,"column":null}},{"start":{"line":269,"column":18},"end":{"line":269,"column":null}}],"line":266}},"s":{"0":3,"1":3,"2":3,"3":3,"4":3,"5":0,"6":0,"7":3,"8":3,"9":3,"10":3,"11":3,"12":3,"13":3,"14":3,"15":3,"16":3,"17":3,"18":3,"19":3,"20":3,"21":3,"22":3,"23":3,"24":3,"25":3,"26":3,"27":3,"28":3,"29":3,"30":0,"31":0,"32":0,"33":0,"34":0,"35":0,"36":0,"37":0,"38":0,"39":3,"40":0,"41":0,"42":0,"43":0,"44":0,"45":0,"46":0,"47":0,"48":0,"49":0,"50":0,"51":0,"52":0,"53":0,"54":3,"55":0,"56":0,"57":3,"58":0,"59":0,"60":0,"61":3,"62":0,"63":0,"64":0,"65":0},"f":{"0":3,"1":0,"2":3,"3":0,"4":0,"5":0,"6":0,"7":0,"8":0,"9":0,"10":0,"11":0,"12":0,"13":0},"b":{"0":[0,3],"1":[3,0],"2":[0,0],"3":[3,0],"4":[0,0],"5":[0,0],"6":[0,0],"7":[0,0],"8":[0,0],"9":[0,0],"10":[0,0],"11":[0,0],"12":[0,0],"13":[3,0],"14":[3,3],"15":[3,0],"16":[3,0],"17":[3,0],"18":[3,0],"19":[3,0],"20":[3,0],"21":[3,0],"22":[3,0],"23":[3,0,3],"24":[3,0]},"meta":{"lastBranch":25,"lastFunction":14,"lastStatement":66,"seen":{"f:13:9:13:15":0,"s:14:38:14:Infinity":0,"s:15:8:15:Infinity":1,"s:16:8:16:Infinity":2,"s:19:17:19:Infinity":3,"b:19:45:19:57:19:57:19:Infinity":0,"b:19:17:19:33:19:33:19:45":1,"s:22:20:26:Infinity":4,"f:22:20:22:21":1,"b:23:4:25:Infinity:undefined:undefined:undefined:undefined":2,"s:23:4:25:Infinity":5,"s:24:6:24:Infinity":6,"s:28:24:28:Infinity":7,"s:29:28:29:Infinity":8,"s:30:38:30:Infinity":9,"s:31:38:31:Infinity":10,"s:32:36:32:Infinity":11,"s:33:36:33:Infinity":12,"s:34:32:34:Infinity":13,"s:35:30:35:Infinity":14,"s:36:48:36:Infinity":15,"s:37:40:37:Infinity":16,"s:39:26:39:Infinity":17,"s:41:32:41:Infinity":18,"s:42:34:42:Infinity":19,"s:43:32:43:Infinity":20,"s:44:24:44:Infinity":21,"s:45:42:45:Infinity":22,"s:48:46:48:Infinity":23,"s:49:48:49:Infinity":24,"s:51:2:71:Infinity":25,"f:51:12:51:18":2,"b:52:4:56:Infinity:undefined:undefined:undefined:undefined":3,"s:52:4:56:Infinity":26,"s:53:6:53:Infinity":27,"s:54:6:54:Infinity":28,"s:55:6:55:Infinity":29,"s:58:4:58:Infinity":30,"s:60:24:64:Infinity":31,"f:60:24:60:36":3,"s:61:21:61:Infinity":32,"s:62:6:62:Infinity":33,"b:62:43:62:53:62:53:62:62":4,"s:63:6:63:Infinity":34,"b:63:27:63:45:63:45:63:49":5,"s:66:18:68:Infinity":35,"f:66:29:66:35":4,"s:67:6:67:Infinity":36,"s:70:4:70:Infinity":37,"f:70:11:70:17":5,"s:70:17:70:Infinity":38,"s:74:24:94:Infinity":39,"f:74:24:74:31":6,"s:75:4:75:Infinity":40,"s:76:4:76:Infinity":41,"s:77:4:93:Infinity":42,"s:78:21:78:Infinity":43,"s:79:21:79:Infinity":44,"b:79:51:79:73:79:73:79:Infinity":6,"b:79:21:79:36:79:36:79:51":7,"s:80:21:80:Infinity":45,"b:80:51:80:73:80:73:80:Infinity":8,"b:80:21:80:36:80:36:80:51":9,"s:81:26:81:Infinity":46,"s:83:6:83:Infinity":47,"b:84:6:86:Infinity:undefined:undefined:undefined:undefined":10,"s:84:6:86:Infinity":48,"s:85:8:85:Infinity":49,"s:88:6:88:Infinity":50,"s:89:27:89:Infinity":51,"b:89:50:89:64:89:64:89:Infinity":11,"s:90:6:90:Infinity":52,"s:92:6:92:Infinity":53,"s:96:38:98:Infinity":54,"f:96:38:96:39":7,"s:97:4:97:Infinity":55,"f:97:17:97:18":8,"s:97:28:97:61":56,"b:97:35:97:56:97:56:97:61":12,"s:100:20:104:Infinity":57,"f:100:20:100:26":9,"s:101:4:101:Infinity":58,"s:102:4:102:Infinity":59,"s:103:4:103:Infinity":60,"s:106:2:276:Infinity":61,"b:109:7:109:Infinity:110:8:132:Infinity":13,"f:112:19:112:25":10,"s:112:25:112:Infinity":62,"b:152:71:152:92:152:92:152:Infinity":14,"b:153:21:153:37:153:37:153:Infinity":15,"b:154:21:154:Infinity:155:22:155:Infinity":16,"b:157:21:157:Infinity:158:22:158:Infinity":17,"b:160:21:160:Infinity:161:22:161:Infinity":18,"f:172:21:172:27":11,"s:172:27:172:Infinity":63,"b:197:19:197:Infinity:198:20:203:Infinity":19,"f:229:34:229:40":12,"s:229:40:229:Infinity":64,"b:240:17:240:Infinity:241:18:244:Infinity":20,"b:250:11:250:Infinity:251:12:254:Infinity":21,"b:262:24:262:35:262:35:262:Infinity":22,"b:264:14:264:25:264:25:264:Infinity:265:14:271:Infinity":23,"b:267:18:267:Infinity:269:18:269:Infinity":24,"f:267:133:267:139":13,"s:267:139:267:164":65}}}
,"/Users/sthwaites/src/solo/mouthwash/src/components/ActionButtons.tsx": {"path":"/Users/sthwaites/src/solo/mouthwash/src/components/ActionButtons.tsx","statementMap":{"0":{"start":{"line":12,"column":59},"end":{"line":28,"column":null}},"1":{"start":{"line":13,"column":2},"end":{"line":26,"column":null}},"2":{"start":{"line":16,"column":8},"end":{"line":24,"column":null}},"3":{"start":{"line":18,"column":27},"end":{"line":18,"column":null}}},"fnMap":{"0":{"name":"(anonymous_0)","decl":{"start":{"line":12,"column":59},"end":{"line":12,"column":60}},"loc":{"start":{"line":12,"column":108},"end":{"line":28,"column":null}},"line":12},"1":{"name":"(anonymous_1)","decl":{"start":{"line":15,"column":19},"end":{"line":15,"column":20}},"loc":{"start":{"line":16,"column":8},"end":{"line":24,"column":null}},"line":16},"2":{"name":"(anonymous_2)","decl":{"start":{"line":18,"column":21},"end":{"line":18,"column":27}},"loc":{"start":{"line":18,"column":27},"end":{"line":18,"column":null}},"line":18}},"branchMap":{"0":{"loc":{"start":{"line":19,"column":22},"end":{"line":19,"column":null}},"type":"binary-expr","locations":[{"start":{"line":19,"column":22},"end":{"line":19,"column":34}},{"start":{"line":19,"column":34},"end":{"line":19,"column":null}}],"line":19}},"s":{"0":1,"1":3,"2":12,"3":0},"f":{"0":3,"1":12,"2":0},"b":{"0":[12,0]},"meta":{"lastBranch":1,"lastFunction":3,"lastStatement":4,"seen":{"s:12:59:28:Infinity":0,"f:12:59:12:60":0,"s:13:2:26:Infinity":1,"f:15:19:15:20":1,"s:16:8:24:Infinity":2,"f:18:21:18:27":2,"s:18:27:18:Infinity":3,"b:19:22:19:34:19:34:19:Infinity":0}}}
,"/Users/sthwaites/src/solo/mouthwash/src/components/AudioRecorder.tsx": {"path":"/Users/sthwaites/src/solo/mouthwash/src/components/AudioRecorder.tsx","statementMap":{"0":{"start":{"line":14,"column":59},"end":{"line":204,"column":null}},"1":{"start":{"line":28,"column":2},"end":{"line":28,"column":null}},"2":{"start":{"line":30,"column":42},"end":{"line":30,"column":null}},"3":{"start":{"line":31,"column":50},"end":{"line":31,"column":null}},"4":{"start":{"line":34,"column":16},"end":{"line":34,"column":null}},"5":{"start":{"line":38,"column":2},"end":{"line":129,"column":null}},"6":{"start":{"line":39,"column":4},"end":{"line":39,"column":null}},"7":{"start":{"line":39,"column":36},"end":{"line":39,"column":null}},"8":{"start":{"line":41,"column":26},"end":{"line":102,"column":null}},"9":{"start":{"line":43,"column":24},"end":{"line":43,"column":null}},"10":{"start":{"line":45,"column":8},"end":{"line":47,"column":null}},"11":{"start":{"line":50,"column":20},"end":{"line":50,"column":null}},"12":{"start":{"line":51,"column":27},"end":{"line":51,"column":null}},"13":{"start":{"line":52,"column":27},"end":{"line":52,"column":null}},"14":{"start":{"line":53,"column":26},"end":{"line":53,"column":null}},"15":{"start":{"line":54,"column":28},"end":{"line":54,"column":null}},"16":{"start":{"line":57,"column":26},"end":{"line":59,"column":null}},"17":{"start":{"line":58,"column":15},"end":{"line":58,"column":null}},"18":{"start":{"line":62,"column":23},"end":{"line":62,"column":null}},"19":{"start":{"line":63,"column":33},"end":{"line":63,"column":null}},"20":{"start":{"line":66,"column":24},"end":{"line":66,"column":null}},"21":{"start":{"line":67,"column":24},"end":{"line":67,"column":null}},"22":{"start":{"line":68,"column":23},"end":{"line":68,"column":null}},"23":{"start":{"line":69,"column":25},"end":{"line":69,"column":null}},"24":{"start":{"line":70,"column":23},"end":{"line":70,"column":null}},"25":{"start":{"line":76,"column":22},"end":{"line":76,"column":null}},"26":{"start":{"line":80,"column":27},"end":{"line":80,"column":null}},"27":{"start":{"line":81,"column":6},"end":{"line":81,"column":null}},"28":{"start":{"line":81,"column":36},"end":{"line":81,"column":null}},"29":{"start":{"line":83,"column":6},"end":{"line":101,"column":null}},"30":{"start":{"line":84,"column":8},"end":{"line":84,"column":null}},"31":{"start":{"line":86,"column":8},"end":{"line":100,"column":null}},"32":{"start":{"line":88,"column":10},"end":{"line":94,"column":null}},"33":{"start":{"line":89,"column":12},"end":{"line":93,"column":null}},"34":{"start":{"line":90,"column":14},"end":{"line":90,"column":null}},"35":{"start":{"line":92,"column":14},"end":{"line":92,"column":null}},"36":{"start":{"line":97,"column":10},"end":{"line":99,"column":null}},"37":{"start":{"line":98,"column":12},"end":{"line":98,"column":null}},"38":{"start":{"line":104,"column":24},"end":{"line":120,"column":null}},"39":{"start":{"line":106,"column":6},"end":{"line":106,"column":null}},"40":{"start":{"line":106,"column":43},"end":{"line":106,"column":null}},"41":{"start":{"line":108,"column":23},"end":{"line":108,"column":null}},"42":{"start":{"line":109,"column":33},"end":{"line":109,"column":null}},"43":{"start":{"line":111,"column":20},"end":{"line":111,"column":null}},"44":{"start":{"line":112,"column":26},"end":{"line":114,"column":null}},"45":{"start":{"line":113,"column":15},"end":{"line":113,"column":null}},"46":{"start":{"line":117,"column":6},"end":{"line":119,"column":null}},"47":{"start":{"line":118,"column":8},"end":{"line":118,"column":null}},"48":{"start":{"line":122,"column":4},"end":{"line":122,"column":null}},"49":{"start":{"line":123,"column":4},"end":{"line":123,"column":null}},"50":{"start":{"line":125,"column":4},"end":{"line":128,"column":null}},"51":{"start":{"line":126,"column":6},"end":{"line":126,"column":null}},"52":{"start":{"line":127,"column":6},"end":{"line":127,"column":null}},"53":{"start":{"line":132,"column":2},"end":{"line":159,"column":null}},"54":{"start":{"line":133,"column":4},"end":{"line":158,"column":null}},"55":{"start":{"line":134,"column":22},"end":{"line":156,"column":null}},"56":{"start":{"line":135,"column":8},"end":{"line":135,"column":null}},"57":{"start":{"line":136,"column":8},"end":{"line":136,"column":null}},"58":{"start":{"line":137,"column":8},"end":{"line":155,"column":null}},"59":{"start":{"line":140,"column":28},"end":{"line":140,"column":null}},"60":{"start":{"line":141,"column":23},"end":{"line":141,"column":null}},"61":{"start":{"line":143,"column":23},"end":{"line":143,"column":null}},"62":{"start":{"line":144,"column":10},"end":{"line":144,"column":null}},"63":{"start":{"line":146,"column":10},"end":{"line":146,"column":null}},"64":{"start":{"line":147,"column":24},"end":{"line":147,"column":null}},"65":{"start":{"line":148,"column":10},"end":{"line":150,"column":null}},"66":{"start":{"line":149,"column":12},"end":{"line":149,"column":null}},"67":{"start":{"line":151,"column":10},"end":{"line":151,"column":null}},"68":{"start":{"line":153,"column":10},"end":{"line":153,"column":null}},"69":{"start":{"line":154,"column":10},"end":{"line":154,"column":null}},"70":{"start":{"line":157,"column":6},"end":{"line":157,"column":null}},"71":{"start":{"line":162,"column":2},"end":{"line":170,"column":null}},"72":{"start":{"line":163,"column":4},"end":{"line":168,"column":null}},"73":{"start":{"line":172,"column":2},"end":{"line":202,"column":null}}},"fnMap":{"0":{"name":"(anonymous_0)","decl":{"start":{"line":14,"column":59},"end":{"line":14,"column":60}},"loc":{"start":{"line":20,"column":6},"end":{"line":204,"column":null}},"line":20},"1":{"name":"(anonymous_1)","decl":{"start":{"line":38,"column":12},"end":{"line":38,"column":18}},"loc":{"start":{"line":38,"column":18},"end":{"line":129,"column":5}},"line":38},"2":{"name":"(anonymous_2)","decl":{"start":{"line":41,"column":26},"end":{"line":41,"column":27}},"loc":{"start":{"line":41,"column":48},"end":{"line":102,"column":null}},"line":41},"3":{"name":"(anonymous_3)","decl":{"start":{"line":58,"column":8},"end":{"line":58,"column":9}},"loc":{"start":{"line":58,"column":15},"end":{"line":58,"column":null}},"line":58},"4":{"name":"(anonymous_4)","decl":{"start":{"line":104,"column":24},"end":{"line":104,"column":25}},"loc":{"start":{"line":104,"column":46},"end":{"line":120,"column":null}},"line":104},"5":{"name":"(anonymous_5)","decl":{"start":{"line":113,"column":8},"end":{"line":113,"column":9}},"loc":{"start":{"line":113,"column":15},"end":{"line":113,"column":null}},"line":113},"6":{"name":"(anonymous_6)","decl":{"start":{"line":125,"column":11},"end":{"line":125,"column":17}},"loc":{"start":{"line":125,"column":17},"end":{"line":128,"column":null}},"line":125},"7":{"name":"(anonymous_7)","decl":{"start":{"line":132,"column":12},"end":{"line":132,"column":18}},"loc":{"start":{"line":132,"column":18},"end":{"line":159,"column":5}},"line":132},"8":{"name":"(anonymous_8)","decl":{"start":{"line":134,"column":22},"end":{"line":134,"column":34}},"loc":{"start":{"line":134,"column":34},"end":{"line":156,"column":null}},"line":134}},"branchMap":{"0":{"loc":{"start":{"line":17,"column":2},"end":{"line":17,"column":null}},"type":"default-arg","locations":[{"start":{"line":17,"column":13},"end":{"line":17,"column":null}}],"line":17},"1":{"loc":{"start":{"line":18,"column":2},"end":{"line":18,"column":null}},"type":"default-arg","locations":[{"start":{"line":18,"column":9},"end":{"line":18,"column":null}}],"line":18},"2":{"loc":{"start":{"line":19,"column":2},"end":{"line":19,"column":null}},"type":"default-arg","locations":[{"start":{"line":19,"column":13},"end":{"line":19,"column":null}}],"line":19},"3":{"loc":{"start":{"line":34,"column":16},"end":{"line":34,"column":null}},"type":"binary-expr","locations":[{"start":{"line":34,"column":16},"end":{"line":34,"column":33}},{"start":{"line":34,"column":33},"end":{"line":34,"column":null}}],"line":34},"4":{"loc":{"start":{"line":39,"column":4},"end":{"line":39,"column":null}},"type":"if","locations":[{"start":{"line":39,"column":4},"end":{"line":39,"column":null}},{"start":{},"end":{}}],"line":39},"5":{"loc":{"start":{"line":39,"column":8},"end":{"line":39,"column":36}},"type":"binary-expr","locations":[{"start":{"line":39,"column":8},"end":{"line":39,"column":20}},{"start":{"line":39,"column":20},"end":{"line":39,"column":36}}],"line":39},"6":{"loc":{"start":{"line":45,"column":8},"end":{"line":47,"column":null}},"type":"binary-expr","locations":[{"start":{"line":45,"column":8},"end":{"line":45,"column":null}},{"start":{"line":46,"column":8},"end":{"line":46,"column":null}},{"start":{"line":47,"column":9},"end":{"line":47,"column":null}}],"line":45},"7":{"loc":{"start":{"line":62,"column":23},"end":{"line":62,"column":null}},"type":"cond-expr","locations":[{"start":{"line":62,"column":39},"end":{"line":62,"column":49}},{"start":{"line":62,"column":49},"end":{"line":62,"column":null}}],"line":62},"8":{"loc":{"start":{"line":63,"column":33},"end":{"line":63,"column":null}},"type":"cond-expr","locations":[{"start":{"line":63,"column":57},"end":{"line":63,"column":82}},{"start":{"line":63,"column":82},"end":{"line":63,"column":null}}],"line":63},"9":{"loc":{"start":{"line":76,"column":22},"end":{"line":76,"column":null}},"type":"binary-expr","locations":[{"start":{"line":76,"column":22},"end":{"line":76,"column":35}},{"start":{"line":76,"column":35},"end":{"line":76,"column":48}},{"start":{"line":76,"column":48},"end":{"line":76,"column":60}},{"start":{"line":76,"column":60},"end":{"line":76,"column":74}},{"start":{"line":76,"column":74},"end":{"line":76,"column":null}}],"line":76},"10":{"loc":{"start":{"line":80,"column":27},"end":{"line":80,"column":null}},"type":"binary-expr","locations":[{"start":{"line":80,"column":27},"end":{"line":80,"column":43}},{"start":{"line":80,"column":43},"end":{"line":80,"column":59}},{"start":{"line":80,"column":59},"end":{"line":80,"column":74}},{"start":{"line":80,"column":74},"end":{"line":80,"column":null}}],"line":80},"11":{"loc":{"start":{"line":81,"column":6},"end":{"line":81,"column":null}},"type":"if","locations":[{"start":{"line":81,"column":6},"end":{"line":81,"column":null}},{"start":{},"end":{}}],"line":81},"12":{"loc":{"start":{"line":81,"column":10},"end":{"line":81,"column":36}},"type":"binary-expr","locations":[{"start":{"line":81,"column":10},"end":{"line":81,"column":21}},{"start":{"line":81,"column":21},"end":{"line":81,"column":36}}],"line":81},"13":{"loc":{"start":{"line":83,"column":6},"end":{"line":101,"column":null}},"type":"if","locations":[{"start":{"line":83,"column":6},"end":{"line":101,"column":null}},{"start":{},"end":{}}],"line":83},"14":{"loc":{"start":{"line":86,"column":8},"end":{"line":100,"column":null}},"type":"if","locations":[{"start":{"line":86,"column":8},"end":{"line":100,"column":null}},{"start":{"line":95,"column":15},"end":{"line":100,"column":null}}],"line":86},"15":{"loc":{"start":{"line":88,"column":10},"end":{"line":94,"column":null}},"type":"if","locations":[{"start":{"line":88,"column":10},"end":{"line":94,"column":null}},{"start":{},"end":{}}],"line":88},"16":{"loc":{"start":{"line":89,"column":12},"end":{"line":93,"column":null}},"type":"if","locations":[{"start":{"line":89,"column":12},"end":{"line":93,"column":null}},{"start":{"line":91,"column":19},"end":{"line":93,"column":null}}],"line":89},"17":{"loc":{"start":{"line":97,"column":10},"end":{"line":99,"column":null}},"type":"if","locations":[{"start":{"line":97,"column":10},"end":{"line":99,"column":null}},{"start":{},"end":{}}],"line":97},"18":{"loc":{"start":{"line":97,"column":14},"end":{"line":97,"column":41}},"type":"binary-expr","locations":[{"start":{"line":97,"column":14},"end":{"line":97,"column":30}},{"start":{"line":97,"column":30},"end":{"line":97,"column":41}}],"line":97},"19":{"loc":{"start":{"line":106,"column":6},"end":{"line":106,"column":null}},"type":"if","locations":[{"start":{"line":106,"column":6},"end":{"line":106,"column":null}},{"start":{},"end":{}}],"line":106},"20":{"loc":{"start":{"line":106,"column":10},"end":{"line":106,"column":43}},"type":"binary-expr","locations":[{"start":{"line":106,"column":10},"end":{"line":106,"column":29}},{"start":{"line":106,"column":29},"end":{"line":106,"column":43}}],"line":106},"21":{"loc":{"start":{"line":108,"column":23},"end":{"line":108,"column":null}},"type":"cond-expr","locations":[{"start":{"line":108,"column":39},"end":{"line":108,"column":49}},{"start":{"line":108,"column":49},"end":{"line":108,"column":null}}],"line":108},"22":{"loc":{"start":{"line":109,"column":33},"end":{"line":109,"column":null}},"type":"cond-expr","locations":[{"start":{"line":109,"column":57},"end":{"line":109,"column":82}},{"start":{"line":109,"column":82},"end":{"line":109,"column":null}}],"line":109},"23":{"loc":{"start":{"line":117,"column":6},"end":{"line":119,"column":null}},"type":"if","locations":[{"start":{"line":117,"column":6},"end":{"line":119,"column":null}},{"start":{},"end":{}}],"line":117},"24":{"loc":{"start":{"line":133,"column":4},"end":{"line":158,"column":null}},"type":"if","locations":[{"start":{"line":133,"column":4},"end":{"line":158,"column":null}},{"start":{},"end":{}}],"line":133},"25":{"loc":{"start":{"line":140,"column":28},"end":{"line":140,"column":null}},"type":"cond-expr","locations":[{"start":{"line":140,"column":61},"end":{"line":140,"column":69}},{"start":{"line":140,"column":69},"end":{"line":140,"column":null}}],"line":140},"26":{"loc":{"start":{"line":148,"column":10},"end":{"line":150,"column":null}},"type":"if","locations":[{"start":{"line":148,"column":10},"end":{"line":150,"column":null}},{"start":{},"end":{}}],"line":148},"27":{"loc":{"start":{"line":162,"column":2},"end":{"line":170,"column":null}},"type":"if","locations":[{"start":{"line":162,"column":2},"end":{"line":170,"column":null}},{"start":{},"end":{}}],"line":162},"28":{"loc":{"start":{"line":174,"column":15},"end":{"line":174,"column":null}},"type":"cond-expr","locations":[{"start":{"line":174,"column":29},"end":{"line":174,"column":45}},{"start":{"line":174,"column":45},"end":{"line":174,"column":null}}],"line":174},"29":{"loc":{"start":{"line":175,"column":16},"end":{"line":175,"column":null}},"type":"binary-expr","locations":[{"start":{"line":175,"column":16},"end":{"line":175,"column":28}},{"start":{"line":175,"column":28},"end":{"line":175,"column":null}}],"line":175},"30":{"loc":{"start":{"line":179,"column":10},"end":{"line":183,"column":null}},"type":"cond-expr","locations":[{"start":{"line":180,"column":14},"end":{"line":180,"column":null}},{"start":{"line":181,"column":14},"end":{"line":183,"column":null}}],"line":179},"31":{"loc":{"start":{"line":181,"column":14},"end":{"line":183,"column":null}},"type":"cond-expr","locations":[{"start":{"line":182,"column":14},"end":{"line":182,"column":null}},{"start":{"line":183,"column":14},"end":{"line":183,"column":null}}],"line":181},"32":{"loc":{"start":{"line":188,"column":8},"end":{"line":192,"column":null}},"type":"cond-expr","locations":[{"start":{"line":189,"column":12},"end":{"line":189,"column":null}},{"start":{"line":190,"column":12},"end":{"line":192,"column":null}}],"line":188},"33":{"loc":{"start":{"line":190,"column":12},"end":{"line":192,"column":null}},"type":"cond-expr","locations":[{"start":{"line":191,"column":12},"end":{"line":191,"column":null}},{"start":{"line":192,"column":12},"end":{"line":192,"column":null}}],"line":190},"34":{"loc":{"start":{"line":192,"column":47},"end":{"line":192,"column":81}},"type":"cond-expr","locations":[{"start":{"line":192,"column":65},"end":{"line":192,"column":74}},{"start":{"line":192,"column":74},"end":{"line":192,"column":81}}],"line":192},"35":{"loc":{"start":{"line":195,"column":7},"end":{"line":200,"column":null}},"type":"cond-expr","locations":[{"start":{"line":196,"column":8},"end":{"line":196,"column":null}},{"start":{"line":197,"column":10},"end":{"line":200,"column":null}}],"line":195},"36":{"loc":{"start":{"line":197,"column":10},"end":{"line":200,"column":null}},"type":"cond-expr","locations":[{"start":{"line":198,"column":9},"end":{"line":198,"column":null}},{"start":{"line":200,"column":8},"end":{"line":200,"column":null}}],"line":197}},"s":{"0":1,"1":3,"2":3,"3":3,"4":3,"5":3,"6":3,"7":3,"8":0,"9":0,"10":0,"11":0,"12":0,"13":0,"14":0,"15":0,"16":0,"17":0,"18":0,"19":0,"20":0,"21":0,"22":0,"23":0,"24":0,"25":0,"26":0,"27":0,"28":0,"29":0,"30":0,"31":0,"32":0,"33":0,"34":0,"35":0,"36":0,"37":0,"38":0,"39":0,"40":0,"41":0,"42":0,"43":0,"44":0,"45":0,"46":0,"47":0,"48":0,"49":0,"50":0,"51":0,"52":0,"53":3,"54":3,"55":0,"56":0,"57":0,"58":0,"59":0,"60":0,"61":0,"62":0,"63":0,"64":0,"65":0,"66":0,"67":0,"68":0,"69":0,"70":0,"71":3,"72":0,"73":3},"f":{"0":3,"1":3,"2":0,"3":0,"4":0,"5":0,"6":0,"7":3,"8":0},"b":{"0":[3],"1":[3],"2":[3],"3":[3,3],"4":[3,0],"5":[3,0],"6":[0,0,0],"7":[0,0],"8":[0,0],"9":[0,0,0,0,0],"10":[0,0,0,0],"11":[0,0],"12":[0,0],"13":[0,0],"14":[0,0],"15":[0,0],"16":[0,0],"17":[0,0],"18":[0,0],"19":[0,0],"20":[0,0],"21":[0,0],"22":[0,0],"23":[0,0],"24":[0,3],"25":[0,0],"26":[0,0],"27":[0,3],"28":[0,3],"29":[3,0],"30":[0,3],"31":[0,3],"32":[0,3],"33":[0,3],"34":[0,3],"35":[0,3],"36":[0,3]},"meta":{"lastBranch":37,"lastFunction":9,"lastStatement":74,"seen":{"s:14:59:204:Infinity":0,"f:14:59:14:60":0,"b:17:13:17:Infinity":0,"b:18:9:18:Infinity":1,"b:19:13:19:Infinity":2,"s:28:2:28:Infinity":1,"s:30:42:30:Infinity":2,"s:31:50:31:Infinity":3,"s:34:16:34:Infinity":4,"b:34:16:34:33:34:33:34:Infinity":3,"s:38:2:129:Infinity":5,"f:38:12:38:18":1,"b:39:4:39:Infinity:undefined:undefined:undefined:undefined":4,"s:39:4:39:Infinity":6,"b:39:8:39:20:39:20:39:36":5,"s:39:36:39:Infinity":7,"s:41:26:102:Infinity":8,"f:41:26:41:27":2,"s:43:24:43:Infinity":9,"s:45:8:47:Infinity":10,"b:45:8:45:Infinity:46:8:46:Infinity:47:9:47:Infinity":6,"s:50:20:50:Infinity":11,"s:51:27:51:Infinity":12,"s:52:27:52:Infinity":13,"s:53:26:53:Infinity":14,"s:54:28:54:Infinity":15,"s:57:26:59:Infinity":16,"f:58:8:58:9":3,"s:58:15:58:Infinity":17,"s:62:23:62:Infinity":18,"b:62:39:62:49:62:49:62:Infinity":7,"s:63:33:63:Infinity":19,"b:63:57:63:82:63:82:63:Infinity":8,"s:66:24:66:Infinity":20,"s:67:24:67:Infinity":21,"s:68:23:68:Infinity":22,"s:69:25:69:Infinity":23,"s:70:23:70:Infinity":24,"s:76:22:76:Infinity":25,"b:76:22:76:35:76:35:76:48:76:48:76:60:76:60:76:74:76:74:76:Infinity":9,"s:80:27:80:Infinity":26,"b:80:27:80:43:80:43:80:59:80:59:80:74:80:74:80:Infinity":10,"b:81:6:81:Infinity:undefined:undefined:undefined:undefined":11,"s:81:6:81:Infinity":27,"b:81:10:81:21:81:21:81:36":12,"s:81:36:81:Infinity":28,"b:83:6:101:Infinity:undefined:undefined:undefined:undefined":13,"s:83:6:101:Infinity":29,"s:84:8:84:Infinity":30,"b:86:8:100:Infinity:95:15:100:Infinity":14,"s:86:8:100:Infinity":31,"b:88:10:94:Infinity:undefined:undefined:undefined:undefined":15,"s:88:10:94:Infinity":32,"b:89:12:93:Infinity:91:19:93:Infinity":16,"s:89:12:93:Infinity":33,"s:90:14:90:Infinity":34,"s:92:14:92:Infinity":35,"b:97:10:99:Infinity:undefined:undefined:undefined:undefined":17,"s:97:10:99:Infinity":36,"b:97:14:97:30:97:30:97:41":18,"s:98:12:98:Infinity":37,"s:104:24:120:Infinity":38,"f:104:24:104:25":4,"b:106:6:106:Infinity:undefined:undefined:undefined:undefined":19,"s:106:6:106:Infinity":39,"b:106:10:106:29:106:29:106:43":20,"s:106:43:106:Infinity":40,"s:108:23:108:Infinity":41,"b:108:39:108:49:108:49:108:Infinity":21,"s:109:33:109:Infinity":42,"b:109:57:109:82:109:82:109:Infinity":22,"s:111:20:111:Infinity":43,"s:112:26:114:Infinity":44,"f:113:8:113:9":5,"s:113:15:113:Infinity":45,"b:117:6:119:Infinity:undefined:undefined:undefined:undefined":23,"s:117:6:119:Infinity":46,"s:118:8:118:Infinity":47,"s:122:4:122:Infinity":48,"s:123:4:123:Infinity":49,"s:125:4:128:Infinity":50,"f:125:11:125:17":6,"s:126:6:126:Infinity":51,"s:127:6:127:Infinity":52,"s:132:2:159:Infinity":53,"f:132:12:132:18":7,"b:133:4:158:Infinity:undefined:undefined:undefined:undefined":24,"s:133:4:158:Infinity":54,"s:134:22:156:Infinity":55,"f:134:22:134:34":8,"s:135:8:135:Infinity":56,"s:136:8:136:Infinity":57,"s:137:8:155:Infinity":58,"s:140:28:140:Infinity":59,"b:140:61:140:69:140:69:140:Infinity":25,"s:141:23:141:Infinity":60,"s:143:23:143:Infinity":61,"s:144:10:144:Infinity":62,"s:146:10:146:Infinity":63,"s:147:24:147:Infinity":64,"b:148:10:150:Infinity:undefined:undefined:undefined:undefined":26,"s:148:10:150:Infinity":65,"s:149:12:149:Infinity":66,"s:151:10:151:Infinity":67,"s:153:10:153:Infinity":68,"s:154:10:154:Infinity":69,"s:157:6:157:Infinity":70,"b:162:2:170:Infinity:undefined:undefined:undefined:undefined":27,"s:162:2:170:Infinity":71,"s:163:4:168:Infinity":72,"s:172:2:202:Infinity":73,"b:174:29:174:45:174:45:174:Infinity":28,"b:175:16:175:28:175:28:175:Infinity":29,"b:180:14:180:Infinity:181:14:183:Infinity":30,"b:182:14:182:Infinity:183:14:183:Infinity":31,"b:189:12:189:Infinity:190:12:192:Infinity":32,"b:191:12:191:Infinity:192:12:192:Infinity":33,"b:192:65:192:74:192:74:192:81":34,"b:196:8:196:Infinity:197:10:200:Infinity":35,"b:198:9:198:Infinity:200:8:200:Infinity":36}}}
,"/Users/sthwaites/src/solo/mouthwash/src/components/OutputDisplay.tsx": {"path":"/Users/sthwaites/src/solo/mouthwash/src/components/OutputDisplay.tsx","statementMap":{"0":{"start":{"line":19,"column":59},"end":{"line":122,"column":null}},"1":{"start":{"line":32,"column":26},"end":{"line":32,"column":null}},"2":{"start":{"line":34,"column":21},"end":{"line":40,"column":null}},"3":{"start":{"line":35,"column":4},"end":{"line":39,"column":null}},"4":{"start":{"line":36,"column":6},"end":{"line":36,"column":null}},"5":{"start":{"line":37,"column":6},"end":{"line":37,"column":null}},"6":{"start":{"line":38,"column":6},"end":{"line":38,"column":null}},"7":{"start":{"line":38,"column":23},"end":{"line":38,"column":41}},"8":{"start":{"line":42,"column":2},"end":{"line":120,"column":null}},"9":{"start":{"line":63,"column":33},"end":{"line":63,"column":null}},"10":{"start":{"line":76,"column":35},"end":{"line":76,"column":null}},"11":{"start":{"line":90,"column":35},"end":{"line":90,"column":null}}},"fnMap":{"0":{"name":"(anonymous_0)","decl":{"start":{"line":19,"column":59},"end":{"line":19,"column":60}},"loc":{"start":{"line":31,"column":6},"end":{"line":122,"column":null}},"line":31},"1":{"name":"(anonymous_1)","decl":{"start":{"line":34,"column":21},"end":{"line":34,"column":27}},"loc":{"start":{"line":34,"column":27},"end":{"line":40,"column":null}},"line":34},"2":{"name":"(anonymous_2)","decl":{"start":{"line":38,"column":17},"end":{"line":38,"column":23}},"loc":{"start":{"line":38,"column":23},"end":{"line":38,"column":41}},"line":38},"3":{"name":"(anonymous_3)","decl":{"start":{"line":63,"column":26},"end":{"line":63,"column":27}},"loc":{"start":{"line":63,"column":33},"end":{"line":63,"column":null}},"line":63},"4":{"name":"(anonymous_4)","decl":{"start":{"line":76,"column":28},"end":{"line":76,"column":29}},"loc":{"start":{"line":76,"column":35},"end":{"line":76,"column":null}},"line":76},"5":{"name":"(anonymous_5)","decl":{"start":{"line":90,"column":28},"end":{"line":90,"column":29}},"loc":{"start":{"line":90,"column":35},"end":{"line":90,"column":null}},"line":90}},"branchMap":{"0":{"loc":{"start":{"line":35,"column":4},"end":{"line":39,"column":null}},"type":"if","locations":[{"start":{"line":35,"column":4},"end":{"line":39,"column":null}},{"start":{},"end":{}}],"line":35},"1":{"loc":{"start":{"line":71,"column":13},"end":{"line":82,"column":null}},"type":"binary-expr","locations":[{"start":{"line":71,"column":13},"end":{"line":71,"column":null}},{"start":{"line":72,"column":14},"end":{"line":82,"column":null}}],"line":71},"2":{"loc":{"start":{"line":85,"column":13},"end":{"line":96,"column":null}},"type":"binary-expr","locations":[{"start":{"line":85,"column":13},"end":{"line":85,"column":null}},{"start":{"line":86,"column":14},"end":{"line":96,"column":null}}],"line":85},"3":{"loc":{"start":{"line":104,"column":14},"end":{"line":106,"column":null}},"type":"cond-expr","locations":[{"start":{"line":105,"column":18},"end":{"line":105,"column":null}},{"start":{"line":106,"column":18},"end":{"line":106,"column":null}}],"line":104},"4":{"loc":{"start":{"line":109,"column":13},"end":{"line":109,"column":null}},"type":"cond-expr","locations":[{"start":{"line":109,"column":22},"end":{"line":109,"column":54}},{"start":{"line":109,"column":54},"end":{"line":109,"column":null}}],"line":109},"5":{"loc":{"start":{"line":110,"column":19},"end":{"line":110,"column":47}},"type":"cond-expr","locations":[{"start":{"line":110,"column":28},"end":{"line":110,"column":40}},{"start":{"line":110,"column":40},"end":{"line":110,"column":47}}],"line":110}},"s":{"0":1,"1":3,"2":3,"3":0,"4":0,"5":0,"6":0,"7":0,"8":3,"9":0,"10":0,"11":0},"f":{"0":3,"1":0,"2":0,"3":0,"4":0,"5":0},"b":{"0":[0,0],"1":[3,0],"2":[3,0],"3":[0,3],"4":[0,3],"5":[0,3]},"meta":{"lastBranch":6,"lastFunction":6,"lastStatement":12,"seen":{"s:19:59:122:Infinity":0,"f:19:59:19:60":0,"s:32:26:32:Infinity":1,"s:34:21:40:Infinity":2,"f:34:21:34:27":1,"b:35:4:39:Infinity:undefined:undefined:undefined:undefined":0,"s:35:4:39:Infinity":3,"s:36:6:36:Infinity":4,"s:37:6:37:Infinity":5,"s:38:6:38:Infinity":6,"f:38:17:38:23":2,"s:38:23:38:41":7,"s:42:2:120:Infinity":8,"f:63:26:63:27":3,"s:63:33:63:Infinity":9,"b:71:13:71:Infinity:72:14:82:Infinity":1,"f:76:28:76:29":4,"s:76:35:76:Infinity":10,"b:85:13:85:Infinity:86:14:96:Infinity":2,"f:90:28:90:29":5,"s:90:35:90:Infinity":11,"b:105:18:105:Infinity:106:18:106:Infinity":3,"b:109:22:109:54:109:54:109:Infinity":4,"b:110:28:110:40:110:40:110:47":5}}}
,"/Users/sthwaites/src/solo/mouthwash/src/components/RecordingSettings.tsx": {"path":"/Users/sthwaites/src/solo/mouthwash/src/components/RecordingSettings.tsx","statementMap":{"0":{"start":{"line":11,"column":67},"end":{"line":123,"column":null}},"1":{"start":{"line":17,"column":36},"end":{"line":17,"column":null}},"2":{"start":{"line":19,"column":2},"end":{"line":48,"column":null}},"3":{"start":{"line":20,"column":4},"end":{"line":20,"column":null}},"4":{"start":{"line":20,"column":22},"end":{"line":20,"column":null}},"5":{"start":{"line":22,"column":26},"end":{"line":44,"column":null}},"6":{"start":{"line":23,"column":6},"end":{"line":23,"column":null}},"7":{"start":{"line":24,"column":6},"end":{"line":24,"column":null}},"8":{"start":{"line":26,"column":29},"end":{"line":26,"column":null}},"9":{"start":{"line":27,"column":6},"end":{"line":27,"column":null}},"10":{"start":{"line":27,"column":21},"end":{"line":27,"column":null}},"11":{"start":{"line":28,"column":6},"end":{"line":28,"column":null}},"12":{"start":{"line":28,"column":21},"end":{"line":28,"column":null}},"13":{"start":{"line":29,"column":6},"end":{"line":29,"column":null}},"14":{"start":{"line":29,"column":20},"end":{"line":29,"column":null}},"15":{"start":{"line":30,"column":6},"end":{"line":30,"column":null}},"16":{"start":{"line":30,"column":22},"end":{"line":30,"column":null}},"17":{"start":{"line":32,"column":18},"end":{"line":32,"column":null}},"18":{"start":{"line":34,"column":6},"end":{"line":36,"column":null}},"19":{"start":{"line":35,"column":8},"end":{"line":35,"column":null}},"20":{"start":{"line":38,"column":6},"end":{"line":43,"column":null}},"21":{"start":{"line":40,"column":30},"end":{"line":40,"column":null}},"22":{"start":{"line":41,"column":10},"end":{"line":41,"column":null}},"23":{"start":{"line":42,"column":10},"end":{"line":42,"column":null}},"24":{"start":{"line":46,"column":4},"end":{"line":46,"column":null}},"25":{"start":{"line":47,"column":4},"end":{"line":47,"column":null}},"26":{"start":{"line":47,"column":17},"end":{"line":47,"column":null}},"27":{"start":{"line":50,"column":2},"end":{"line":121,"column":null}},"28":{"start":{"line":65,"column":29},"end":{"line":65,"column":null}},"29":{"start":{"line":75,"column":30},"end":{"line":75,"column":null}},"30":{"start":{"line":94,"column":29},"end":{"line":94,"column":null}},"31":{"start":{"line":104,"column":29},"end":{"line":104,"column":null}}},"fnMap":{"0":{"name":"(anonymous_0)","decl":{"start":{"line":11,"column":67},"end":{"line":11,"column":68}},"loc":{"start":{"line":16,"column":6},"end":{"line":123,"column":null}},"line":16},"1":{"name":"(anonymous_1)","decl":{"start":{"line":19,"column":12},"end":{"line":19,"column":18}},"loc":{"start":{"line":19,"column":18},"end":{"line":48,"column":5}},"line":19},"2":{"name":"(anonymous_2)","decl":{"start":{"line":22,"column":26},"end":{"line":22,"column":27}},"loc":{"start":{"line":22,"column":48},"end":{"line":44,"column":null}},"line":22},"3":{"name":"(anonymous_3)","decl":{"start":{"line":47,"column":11},"end":{"line":47,"column":17}},"loc":{"start":{"line":47,"column":17},"end":{"line":47,"column":null}},"line":47},"4":{"name":"(anonymous_4)","decl":{"start":{"line":65,"column":23},"end":{"line":65,"column":29}},"loc":{"start":{"line":65,"column":29},"end":{"line":65,"column":null}},"line":65},"5":{"name":"(anonymous_5)","decl":{"start":{"line":75,"column":24},"end":{"line":75,"column":30}},"loc":{"start":{"line":75,"column":30},"end":{"line":75,"column":null}},"line":75},"6":{"name":"(anonymous_6)","decl":{"start":{"line":94,"column":23},"end":{"line":94,"column":29}},"loc":{"start":{"line":94,"column":29},"end":{"line":94,"column":null}},"line":94},"7":{"name":"(anonymous_7)","decl":{"start":{"line":104,"column":23},"end":{"line":104,"column":29}},"loc":{"start":{"line":104,"column":29},"end":{"line":104,"column":null}},"line":104}},"branchMap":{"0":{"loc":{"start":{"line":20,"column":4},"end":{"line":20,"column":null}},"type":"if","locations":[{"start":{"line":20,"column":4},"end":{"line":20,"column":null}},{"start":{},"end":{}}],"line":20},"1":{"loc":{"start":{"line":27,"column":6},"end":{"line":27,"column":null}},"type":"if","locations":[{"start":{"line":27,"column":6},"end":{"line":27,"column":null}},{"start":{},"end":{}}],"line":27},"2":{"loc":{"start":{"line":28,"column":6},"end":{"line":28,"column":null}},"type":"if","locations":[{"start":{"line":28,"column":6},"end":{"line":28,"column":null}},{"start":{},"end":{}}],"line":28},"3":{"loc":{"start":{"line":29,"column":6},"end":{"line":29,"column":null}},"type":"if","locations":[{"start":{"line":29,"column":6},"end":{"line":29,"column":null}},{"start":{},"end":{}}],"line":29},"4":{"loc":{"start":{"line":30,"column":6},"end":{"line":30,"column":null}},"type":"if","locations":[{"start":{"line":30,"column":6},"end":{"line":30,"column":null}},{"start":{},"end":{}}],"line":30},"5":{"loc":{"start":{"line":32,"column":18},"end":{"line":32,"column":null}},"type":"cond-expr","locations":[{"start":{"line":32,"column":34},"end":{"line":32,"column":44}},{"start":{"line":32,"column":44},"end":{"line":32,"column":null}}],"line":32},"6":{"loc":{"start":{"line":34,"column":6},"end":{"line":36,"column":null}},"type":"if","locations":[{"start":{"line":34,"column":6},"end":{"line":36,"column":null}},{"start":{},"end":{}}],"line":34},"7":{"loc":{"start":{"line":35,"column":18},"end":{"line":35,"column":60}},"type":"cond-expr","locations":[{"start":{"line":35,"column":37},"end":{"line":35,"column":57}},{"start":{"line":35,"column":57},"end":{"line":35,"column":60}}],"line":35},"8":{"loc":{"start":{"line":38,"column":6},"end":{"line":43,"column":null}},"type":"if","locations":[{"start":{"line":38,"column":6},"end":{"line":43,"column":null}},{"start":{},"end":{}}],"line":38},"9":{"loc":{"start":{"line":67,"column":16},"end":{"line":69,"column":null}},"type":"cond-expr","locations":[{"start":{"line":68,"column":20},"end":{"line":68,"column":null}},{"start":{"line":69,"column":20},"end":{"line":69,"column":null}}],"line":67},"10":{"loc":{"start":{"line":72,"column":15},"end":{"line":72,"column":null}},"type":"cond-expr","locations":[{"start":{"line":72,"column":29},"end":{"line":72,"column":47}},{"start":{"line":72,"column":47},"end":{"line":72,"column":null}}],"line":72},"11":{"loc":{"start":{"line":96,"column":16},"end":{"line":98,"column":null}},"type":"cond-expr","locations":[{"start":{"line":97,"column":20},"end":{"line":97,"column":null}},{"start":{"line":98,"column":20},"end":{"line":98,"column":null}}],"line":96},"12":{"loc":{"start":{"line":106,"column":16},"end":{"line":108,"column":null}},"type":"cond-expr","locations":[{"start":{"line":107,"column":20},"end":{"line":107,"column":null}},{"start":{"line":108,"column":20},"end":{"line":108,"column":null}}],"line":106}},"s":{"0":1,"1":0,"2":0,"3":0,"4":0,"5":0,"6":0,"7":0,"8":0,"9":0,"10":0,"11":0,"12":0,"13":0,"14":0,"15":0,"16":0,"17":0,"18":0,"19":0,"20":0,"21":0,"22":0,"23":0,"24":0,"25":0,"26":0,"27":0,"28":0,"29":0,"30":0,"31":0},"f":{"0":0,"1":0,"2":0,"3":0,"4":0,"5":0,"6":0,"7":0},"b":{"0":[0,0],"1":[0,0],"2":[0,0],"3":[0,0],"4":[0,0],"5":[0,0],"6":[0,0],"7":[0,0],"8":[0,0],"9":[0,0],"10":[0,0],"11":[0,0],"12":[0,0]},"meta":{"lastBranch":13,"lastFunction":8,"lastStatement":32,"seen":{"s:11:67:123:Infinity":0,"f:11:67:11:68":0,"s:17:36:17:Infinity":1,"s:19:2:48:Infinity":2,"f:19:12:19:18":1,"b:20:4:20:Infinity:undefined:undefined:undefined:undefined":0,"s:20:4:20:Infinity":3,"s:20:22:20:Infinity":4,"s:22:26:44:Infinity":5,"f:22:26:22:27":2,"s:23:6:23:Infinity":6,"s:24:6:24:Infinity":7,"s:26:29:26:Infinity":8,"b:27:6:27:Infinity:undefined:undefined:undefined:undefined":1,"s:27:6:27:Infinity":9,"s:27:21:27:Infinity":10,"b:28:6:28:Infinity:undefined:undefined:undefined:undefined":2,"s:28:6:28:Infinity":11,"s:28:21:28:Infinity":12,"b:29:6:29:Infinity:undefined:undefined:undefined:undefined":3,"s:29:6:29:Infinity":13,"s:29:20:29:Infinity":14,"b:30:6:30:Infinity:undefined:undefined:undefined:undefined":4,"s:30:6:30:Infinity":15,"s:30:22:30:Infinity":16,"s:32:18:32:Infinity":17,"b:32:34:32:44:32:44:32:Infinity":5,"b:34:6:36:Infinity:undefined:undefined:undefined:undefined":6,"s:34:6:36:Infinity":18,"s:35:8:35:Infinity":19,"b:35:37:35:57:35:57:35:60":7,"b:38:6:43:Infinity:undefined:undefined:undefined:undefined":8,"s:38:6:43:Infinity":20,"s:40:30:40:Infinity":21,"s:41:10:41:Infinity":22,"s:42:10:42:Infinity":23,"s:46:4:46:Infinity":24,"s:47:4:47:Infinity":25,"f:47:11:47:17":3,"s:47:17:47:Infinity":26,"s:50:2:121:Infinity":27,"f:65:23:65:29":4,"s:65:29:65:Infinity":28,"b:68:20:68:Infinity:69:20:69:Infinity":9,"b:72:29:72:47:72:47:72:Infinity":10,"f:75:24:75:30":5,"s:75:30:75:Infinity":29,"f:94:23:94:29":6,"s:94:29:94:Infinity":30,"b:97:20:97:Infinity:98:20:98:Infinity":11,"f:104:23:104:29":7,"s:104:29:104:Infinity":31,"b:107:20:107:Infinity:108:20:108:Infinity":12}}}
,"/Users/sthwaites/src/solo/mouthwash/src/components/SettingsModal.tsx": {"path":"/Users/sthwaites/src/solo/mouthwash/src/components/SettingsModal.tsx","statementMap":{"0":{"start":{"line":31,"column":59},"end":{"line":384,"column":null}},"1":{"start":{"line":54,"column":38},"end":{"line":54,"column":null}},"2":{"start":{"line":55,"column":32},"end":{"line":55,"column":null}},"3":{"start":{"line":57,"column":28},"end":{"line":60,"column":null}},"4":{"start":{"line":58,"column":4},"end":{"line":58,"column":null}},"5":{"start":{"line":59,"column":4},"end":{"line":59,"column":null}},"6":{"start":{"line":62,"column":26},"end":{"line":72,"column":null}},"7":{"start":{"line":63,"column":18},"end":{"line":63,"column":null}},"8":{"start":{"line":64,"column":36},"end":{"line":69,"column":null}},"9":{"start":{"line":70,"column":4},"end":{"line":70,"column":null}},"10":{"start":{"line":71,"column":4},"end":{"line":71,"column":null}},"11":{"start":{"line":74,"column":29},"end":{"line":79,"column":null}},"12":{"start":{"line":75,"column":4},"end":{"line":78,"column":null}},"13":{"start":{"line":76,"column":6},"end":{"line":76,"column":null}},"14":{"start":{"line":76,"column":49},"end":{"line":76,"column":60}},"15":{"start":{"line":77,"column":6},"end":{"line":77,"column":null}},"16":{"start":{"line":77,"column":28},"end":{"line":77,"column":null}},"17":{"start":{"line":81,"column":29},"end":{"line":85,"column":null}},"18":{"start":{"line":82,"column":4},"end":{"line":84,"column":null}},"19":{"start":{"line":83,"column":31},"end":{"line":83,"column":74}},"20":{"start":{"line":87,"column":30},"end":{"line":91,"column":null}},"21":{"start":{"line":88,"column":4},"end":{"line":90,"column":null}},"22":{"start":{"line":89,"column":6},"end":{"line":89,"column":null}},"23":{"start":{"line":93,"column":2},"end":{"line":93,"column":null}},"24":{"start":{"line":93,"column":15},"end":{"line":93,"column":null}},"25":{"start":{"line":95,"column":2},"end":{"line":382,"column":null}},"26":{"start":{"line":118,"column":32},"end":{"line":118,"column":null}},"27":{"start":{"line":128,"column":32},"end":{"line":128,"column":null}},"28":{"start":{"line":138,"column":32},"end":{"line":138,"column":null}},"29":{"start":{"line":196,"column":33},"end":{"line":196,"column":null}},"30":{"start":{"line":245,"column":34},"end":{"line":245,"column":null}},"31":{"start":{"line":249,"column":19},"end":{"line":251,"column":null}},"32":{"start":{"line":271,"column":35},"end":{"line":271,"column":null}},"33":{"start":{"line":283,"column":35},"end":{"line":283,"column":null}},"34":{"start":{"line":313,"column":16},"end":{"line":360,"column":null}},"35":{"start":{"line":326,"column":41},"end":{"line":326,"column":null}},"36":{"start":{"line":329,"column":39},"end":{"line":329,"column":null}},"37":{"start":{"line":334,"column":41},"end":{"line":334,"column":null}},"38":{"start":{"line":337,"column":39},"end":{"line":337,"column":null}},"39":{"start":{"line":345,"column":37},"end":{"line":345,"column":null}},"40":{"start":{"line":355,"column":37},"end":{"line":355,"column":null}},"41":{"start":{"line":356,"column":35},"end":{"line":356,"column":null}}},"fnMap":{"0":{"name":"(anonymous_0)","decl":{"start":{"line":31,"column":59},"end":{"line":31,"column":60}},"loc":{"start":{"line":53,"column":6},"end":{"line":384,"column":null}},"line":53},"1":{"name":"(anonymous_1)","decl":{"start":{"line":57,"column":28},"end":{"line":57,"column":34}},"loc":{"start":{"line":57,"column":34},"end":{"line":60,"column":null}},"line":57},"2":{"name":"(anonymous_2)","decl":{"start":{"line":62,"column":26},"end":{"line":62,"column":32}},"loc":{"start":{"line":62,"column":32},"end":{"line":72,"column":null}},"line":62},"3":{"name":"(anonymous_3)","decl":{"start":{"line":74,"column":29},"end":{"line":74,"column":30}},"loc":{"start":{"line":74,"column":45},"end":{"line":79,"column":null}},"line":74},"4":{"name":"(anonymous_4)","decl":{"start":{"line":76,"column":42},"end":{"line":76,"column":43}},"loc":{"start":{"line":76,"column":49},"end":{"line":76,"column":60}},"line":76},"5":{"name":"(anonymous_5)","decl":{"start":{"line":81,"column":29},"end":{"line":81,"column":30}},"loc":{"start":{"line":81,"column":87},"end":{"line":85,"column":null}},"line":81},"6":{"name":"(anonymous_6)","decl":{"start":{"line":83,"column":23},"end":{"line":83,"column":24}},"loc":{"start":{"line":83,"column":31},"end":{"line":83,"column":74}},"line":83},"7":{"name":"(anonymous_7)","decl":{"start":{"line":87,"column":30},"end":{"line":87,"column":36}},"loc":{"start":{"line":87,"column":36},"end":{"line":91,"column":null}},"line":87},"8":{"name":"(anonymous_8)","decl":{"start":{"line":118,"column":26},"end":{"line":118,"column":32}},"loc":{"start":{"line":118,"column":32},"end":{"line":118,"column":null}},"line":118},"9":{"name":"(anonymous_9)","decl":{"start":{"line":128,"column":26},"end":{"line":128,"column":32}},"loc":{"start":{"line":128,"column":32},"end":{"line":128,"column":null}},"line":128},"10":{"name":"(anonymous_10)","decl":{"start":{"line":138,"column":26},"end":{"line":138,"column":32}},"loc":{"start":{"line":138,"column":32},"end":{"line":138,"column":null}},"line":138},"11":{"name":"(anonymous_11)","decl":{"start":{"line":196,"column":26},"end":{"line":196,"column":27}},"loc":{"start":{"line":196,"column":33},"end":{"line":196,"column":null}},"line":196},"12":{"name":"(anonymous_12)","decl":{"start":{"line":245,"column":27},"end":{"line":245,"column":28}},"loc":{"start":{"line":245,"column":34},"end":{"line":245,"column":null}},"line":245},"13":{"name":"(anonymous_13)","decl":{"start":{"line":248,"column":39},"end":{"line":248,"column":40}},"loc":{"start":{"line":249,"column":19},"end":{"line":251,"column":null}},"line":249},"14":{"name":"(anonymous_14)","decl":{"start":{"line":271,"column":28},"end":{"line":271,"column":29}},"loc":{"start":{"line":271,"column":35},"end":{"line":271,"column":null}},"line":271},"15":{"name":"(anonymous_15)","decl":{"start":{"line":283,"column":28},"end":{"line":283,"column":29}},"loc":{"start":{"line":283,"column":35},"end":{"line":283,"column":null}},"line":283},"16":{"name":"(anonymous_16)","decl":{"start":{"line":312,"column":32},"end":{"line":312,"column":33}},"loc":{"start":{"line":313,"column":16},"end":{"line":360,"column":null}},"line":313},"17":{"name":"(anonymous_17)","decl":{"start":{"line":326,"column":34},"end":{"line":326,"column":35}},"loc":{"start":{"line":326,"column":41},"end":{"line":326,"column":null}},"line":326},"18":{"name":"(anonymous_18)","decl":{"start":{"line":329,"column":33},"end":{"line":329,"column":39}},"loc":{"start":{"line":329,"column":39},"end":{"line":329,"column":null}},"line":329},"19":{"name":"(anonymous_19)","decl":{"start":{"line":334,"column":34},"end":{"line":334,"column":35}},"loc":{"start":{"line":334,"column":41},"end":{"line":334,"column":null}},"line":334},"20":{"name":"(anonymous_20)","decl":{"start":{"line":337,"column":33},"end":{"line":337,"column":39}},"loc":{"start":{"line":337,"column":39},"end":{"line":337,"column":null}},"line":337},"21":{"name":"(anonymous_21)","decl":{"start":{"line":345,"column":31},"end":{"line":345,"column":37}},"loc":{"start":{"line":345,"column":37},"end":{"line":345,"column":null}},"line":345},"22":{"name":"(anonymous_22)","decl":{"start":{"line":355,"column":30},"end":{"line":355,"column":31}},"loc":{"start":{"line":355,"column":37},"end":{"line":355,"column":null}},"line":355},"23":{"name":"(anonymous_23)","decl":{"start":{"line":356,"column":29},"end":{"line":356,"column":35}},"loc":{"start":{"line":356,"column":35},"end":{"line":356,"column":null}},"line":356}},"branchMap":{"0":{"loc":{"start":{"line":36,"column":2},"end":{"line":36,"column":null}},"type":"default-arg","locations":[{"start":{"line":36,"column":17},"end":{"line":36,"column":null}}],"line":36},"1":{"loc":{"start":{"line":75,"column":4},"end":{"line":78,"column":null}},"type":"if","locations":[{"start":{"line":75,"column":4},"end":{"line":78,"column":null}},{"start":{},"end":{}}],"line":75},"2":{"loc":{"start":{"line":77,"column":6},"end":{"line":77,"column":null}},"type":"if","locations":[{"start":{"line":77,"column":6},"end":{"line":77,"column":null}},{"start":{},"end":{}}],"line":77},"3":{"loc":{"start":{"line":83,"column":31},"end":{"line":83,"column":74}},"type":"cond-expr","locations":[{"start":{"line":83,"column":45},"end":{"line":83,"column":72}},{"start":{"line":83,"column":72},"end":{"line":83,"column":74}}],"line":83},"4":{"loc":{"start":{"line":88,"column":4},"end":{"line":90,"column":null}},"type":"if","locations":[{"start":{"line":88,"column":4},"end":{"line":90,"column":null}},{"start":{},"end":{}}],"line":88},"5":{"loc":{"start":{"line":93,"column":2},"end":{"line":93,"column":null}},"type":"if","locations":[{"start":{"line":93,"column":2},"end":{"line":93,"column":null}},{"start":{},"end":{}}],"line":93},"6":{"loc":{"start":{"line":120,"column":19},"end":{"line":122,"column":null}},"type":"cond-expr","locations":[{"start":{"line":121,"column":23},"end":{"line":121,"column":null}},{"start":{"line":122,"column":23},"end":{"line":122,"column":null}}],"line":120},"7":{"loc":{"start":{"line":130,"column":19},"end":{"line":132,"column":null}},"type":"cond-expr","locations":[{"start":{"line":131,"column":23},"end":{"line":131,"column":null}},{"start":{"line":132,"column":23},"end":{"line":132,"column":null}}],"line":130},"8":{"loc":{"start":{"line":140,"column":19},"end":{"line":142,"column":null}},"type":"cond-expr","locations":[{"start":{"line":141,"column":23},"end":{"line":141,"column":null}},{"start":{"line":142,"column":23},"end":{"line":142,"column":null}}],"line":140},"9":{"loc":{"start":{"line":162,"column":19},"end":{"line":166,"column":null}},"type":"binary-expr","locations":[{"start":{"line":162,"column":19},"end":{"line":162,"column":null}},{"start":{"line":163,"column":20},"end":{"line":166,"column":null}}],"line":162},"10":{"loc":{"start":{"line":168,"column":19},"end":{"line":188,"column":null}},"type":"binary-expr","locations":[{"start":{"line":168,"column":19},"end":{"line":168,"column":null}},{"start":{"line":169,"column":19},"end":{"line":188,"column":null}}],"line":168},"11":{"loc":{"start":{"line":170,"column":21},"end":{"line":174,"column":null}},"type":"binary-expr","locations":[{"start":{"line":170,"column":21},"end":{"line":170,"column":null}},{"start":{"line":171,"column":22},"end":{"line":174,"column":null}}],"line":170},"12":{"loc":{"start":{"line":176,"column":21},"end":{"line":180,"column":null}},"type":"binary-expr","locations":[{"start":{"line":176,"column":21},"end":{"line":176,"column":null}},{"start":{"line":177,"column":22},"end":{"line":180,"column":null}}],"line":176},"13":{"loc":{"start":{"line":182,"column":21},"end":{"line":186,"column":null}},"type":"binary-expr","locations":[{"start":{"line":182,"column":21},"end":{"line":182,"column":null}},{"start":{"line":183,"column":22},"end":{"line":186,"column":null}}],"line":182},"14":{"loc":{"start":{"line":195,"column":23},"end":{"line":195,"column":null}},"type":"cond-expr","locations":[{"start":{"line":195,"column":38},"end":{"line":195,"column":55}},{"start":{"line":195,"column":55},"end":{"line":195,"column":null}}],"line":195},"15":{"loc":{"start":{"line":196,"column":33},"end":{"line":196,"column":null}},"type":"binary-expr","locations":[{"start":{"line":196,"column":33},"end":{"line":196,"column":50}},{"start":{"line":196,"column":50},"end":{"line":196,"column":null}}],"line":196},"16":{"loc":{"start":{"line":200,"column":18},"end":{"line":206,"column":null}},"type":"cond-expr","locations":[{"start":{"line":201,"column":22},"end":{"line":201,"column":null}},{"start":{"line":202,"column":22},"end":{"line":206,"column":null}}],"line":200},"17":{"loc":{"start":{"line":202,"column":22},"end":{"line":206,"column":null}},"type":"cond-expr","locations":[{"start":{"line":203,"column":24},"end":{"line":203,"column":null}},{"start":{"line":204,"column":24},"end":{"line":206,"column":null}}],"line":202},"18":{"loc":{"start":{"line":204,"column":24},"end":{"line":206,"column":null}},"type":"cond-expr","locations":[{"start":{"line":205,"column":26},"end":{"line":205,"column":null}},{"start":{"line":206,"column":26},"end":{"line":206,"column":null}}],"line":204},"19":{"loc":{"start":{"line":210,"column":15},"end":{"line":214,"column":null}},"type":"binary-expr","locations":[{"start":{"line":210,"column":15},"end":{"line":210,"column":49}},{"start":{"line":210,"column":49},"end":{"line":210,"column":null}},{"start":{"line":211,"column":16},"end":{"line":214,"column":null}}],"line":210},"20":{"loc":{"start":{"line":218,"column":17},"end":{"line":220,"column":null}},"type":"cond-expr","locations":[{"start":{"line":219,"column":20},"end":{"line":219,"column":null}},{"start":{"line":220,"column":20},"end":{"line":220,"column":null}}],"line":218},"21":{"loc":{"start":{"line":316,"column":20},"end":{"line":318,"column":null}},"type":"cond-expr","locations":[{"start":{"line":317,"column":24},"end":{"line":317,"column":null}},{"start":{"line":318,"column":24},"end":{"line":318,"column":null}}],"line":316},"22":{"loc":{"start":{"line":327,"column":119},"end":{"line":327,"column":179}},"type":"cond-expr","locations":[{"start":{"line":327,"column":145},"end":{"line":327,"column":177}},{"start":{"line":327,"column":177},"end":{"line":327,"column":179}}],"line":327},"23":{"loc":{"start":{"line":357,"column":229},"end":{"line":357,"column":324}},"type":"cond-expr","locations":[{"start":{"line":357,"column":255},"end":{"line":357,"column":322}},{"start":{"line":357,"column":322},"end":{"line":357,"column":324}}],"line":357}},"s":{"0":1,"1":0,"2":0,"3":0,"4":0,"5":0,"6":0,"7":0,"8":0,"9":0,"10":0,"11":0,"12":0,"13":0,"14":0,"15":0,"16":0,"17":0,"18":0,"19":0,"20":0,"21":0,"22":0,"23":0,"24":0,"25":0,"26":0,"27":0,"28":0,"29":0,"30":0,"31":0,"32":0,"33":0,"34":0,"35":0,"36":0,"37":0,"38":0,"39":0,"40":0,"41":0},"f":{"0":0,"1":0,"2":0,"3":0,"4":0,"5":0,"6":0,"7":0,"8":0,"9":0,"10":0,"11":0,"12":0,"13":0,"14":0,"15":0,"16":0,"17":0,"18":0,"19":0,"20":0,"21":0,"22":0,"23":0},"b":{"0":[0],"1":[0,0],"2":[0,0],"3":[0,0],"4":[0,0],"5":[0,0],"6":[0,0],"7":[0,0],"8":[0,0],"9":[0,0],"10":[0,0],"11":[0,0],"12":[0,0],"13":[0,0],"14":[0,0],"15":[0,0],"16":[0,0],"17":[0,0],"18":[0,0],"19":[0,0,0],"20":[0,0],"21":[0,0],"22":[0,0],"23":[0,0]},"meta":{"lastBranch":24,"lastFunction":24,"lastStatement":42,"seen":{"s:31:59:384:Infinity":0,"f:31:59:31:60":0,"b:36:17:36:Infinity":0,"s:54:38:54:Infinity":1,"s:55:32:55:Infinity":2,"s:57:28:60:Infinity":3,"f:57:28:57:34":1,"s:58:4:58:Infinity":4,"s:59:4:59:Infinity":5,"s:62:26:72:Infinity":6,"f:62:26:62:32":2,"s:63:18:63:Infinity":7,"s:64:36:69:Infinity":8,"s:70:4:70:Infinity":9,"s:71:4:71:Infinity":10,"s:74:29:79:Infinity":11,"f:74:29:74:30":3,"b:75:4:78:Infinity:undefined:undefined:undefined:undefined":1,"s:75:4:78:Infinity":12,"s:76:6:76:Infinity":13,"f:76:42:76:43":4,"s:76:49:76:60":14,"b:77:6:77:Infinity:undefined:undefined:undefined:undefined":2,"s:77:6:77:Infinity":15,"s:77:28:77:Infinity":16,"s:81:29:85:Infinity":17,"f:81:29:81:30":5,"s:82:4:84:Infinity":18,"f:83:23:83:24":6,"s:83:31:83:74":19,"b:83:45:83:72:83:72:83:74":3,"s:87:30:91:Infinity":20,"f:87:30:87:36":7,"b:88:4:90:Infinity:undefined:undefined:undefined:undefined":4,"s:88:4:90:Infinity":21,"s:89:6:89:Infinity":22,"b:93:2:93:Infinity:undefined:undefined:undefined:undefined":5,"s:93:2:93:Infinity":23,"s:93:15:93:Infinity":24,"s:95:2:382:Infinity":25,"f:118:26:118:32":8,"s:118:32:118:Infinity":26,"b:121:23:121:Infinity:122:23:122:Infinity":6,"f:128:26:128:32":9,"s:128:32:128:Infinity":27,"b:131:23:131:Infinity:132:23:132:Infinity":7,"f:138:26:138:32":10,"s:138:32:138:Infinity":28,"b:141:23:141:Infinity:142:23:142:Infinity":8,"b:162:19:162:Infinity:163:20:166:Infinity":9,"b:168:19:168:Infinity:169:19:188:Infinity":10,"b:170:21:170:Infinity:171:22:174:Infinity":11,"b:176:21:176:Infinity:177:22:180:Infinity":12,"b:182:21:182:Infinity:183:22:186:Infinity":13,"b:195:38:195:55:195:55:195:Infinity":14,"f:196:26:196:27":11,"s:196:33:196:Infinity":29,"b:196:33:196:50:196:50:196:Infinity":15,"b:201:22:201:Infinity:202:22:206:Infinity":16,"b:203:24:203:Infinity:204:24:206:Infinity":17,"b:205:26:205:Infinity:206:26:206:Infinity":18,"b:210:15:210:49:210:49:210:Infinity:211:16:214:Infinity":19,"b:219:20:219:Infinity:220:20:220:Infinity":20,"f:245:27:245:28":12,"s:245:34:245:Infinity":30,"f:248:39:248:40":13,"s:249:19:251:Infinity":31,"f:271:28:271:29":14,"s:271:35:271:Infinity":32,"f:283:28:283:29":15,"s:283:35:283:Infinity":33,"f:312:32:312:33":16,"s:313:16:360:Infinity":34,"b:317:24:317:Infinity:318:24:318:Infinity":21,"f:326:34:326:35":17,"s:326:41:326:Infinity":35,"b:327:145:327:177:327:177:327:179":22,"f:329:33:329:39":18,"s:329:39:329:Infinity":36,"f:334:34:334:35":19,"s:334:41:334:Infinity":37,"f:337:33:337:39":20,"s:337:39:337:Infinity":38,"f:345:31:345:37":21,"s:345:37:345:Infinity":39,"f:355:30:355:31":22,"s:355:37:355:Infinity":40,"f:356:29:356:35":23,"s:356:35:356:Infinity":41,"b:357:255:357:322:357:322:357:324":23}}}
,"/Users/sthwaites/src/solo/mouthwash/src/components/TextInput.tsx": {"path":"/Users/sthwaites/src/solo/mouthwash/src/components/TextInput.tsx","statementMap":{"0":{"start":{"line":9,"column":51},"end":{"line":18,"column":null}},"1":{"start":{"line":10,"column":2},"end":{"line":16,"column":null}},"2":{"start":{"line":13,"column":23},"end":{"line":13,"column":null}}},"fnMap":{"0":{"name":"(anonymous_0)","decl":{"start":{"line":9,"column":51},"end":{"line":9,"column":52}},"loc":{"start":{"line":9,"column":89},"end":{"line":18,"column":null}},"line":9},"1":{"name":"(anonymous_1)","decl":{"start":{"line":13,"column":16},"end":{"line":13,"column":17}},"loc":{"start":{"line":13,"column":23},"end":{"line":13,"column":null}},"line":13}},"branchMap":{},"s":{"0":1,"1":3,"2":0},"f":{"0":3,"1":0},"b":{},"meta":{"lastBranch":0,"lastFunction":2,"lastStatement":3,"seen":{"s:9:51:18:Infinity":0,"f:9:51:9:52":0,"s:10:2:16:Infinity":1,"f:13:16:13:17":1,"s:13:23:13:Infinity":2}}}
,"/Users/sthwaites/src/solo/mouthwash/src/components/Tooltip.tsx": {"path":"/Users/sthwaites/src/solo/mouthwash/src/components/Tooltip.tsx","statementMap":{"0":{"start":{"line":10,"column":47},"end":{"line":30,"column":null}},"1":{"start":{"line":11,"column":2},"end":{"line":28,"column":null}}},"fnMap":{"0":{"name":"(anonymous_0)","decl":{"start":{"line":10,"column":47},"end":{"line":10,"column":48}},"loc":{"start":{"line":10,"column":92},"end":{"line":30,"column":null}},"line":10}},"branchMap":{"0":{"loc":{"start":{"line":10,"column":69},"end":{"line":10,"column":86}},"type":"default-arg","locations":[{"start":{"line":10,"column":79},"end":{"line":10,"column":86}}],"line":10},"1":{"loc":{"start":{"line":12,"column":56},"end":{"line":12,"column":99}},"type":"cond-expr","locations":[{"start":{"line":12,"column":78},"end":{"line":12,"column":97}},{"start":{"line":12,"column":97},"end":{"line":12,"column":99}}],"line":12},"2":{"loc":{"start":{"line":13,"column":7},"end":{"line":19,"column":null}},"type":"cond-expr","locations":[{"start":{"line":14,"column":8},"end":{"line":14,"column":null}},{"start":{"line":16,"column":8},"end":{"line":19,"column":null}}],"line":13},"3":{"loc":{"start":{"line":23,"column":287},"end":{"line":23,"column":320}},"type":"cond-expr","locations":[{"start":{"line":23,"column":309},"end":{"line":23,"column":318}},{"start":{"line":23,"column":318},"end":{"line":23,"column":320}}],"line":23}},"s":{"0":1,"1":18},"f":{"0":18},"b":{"0":[18],"1":[12,6],"2":[12,6],"3":[12,6]},"meta":{"lastBranch":4,"lastFunction":1,"lastStatement":2,"seen":{"s:10:47:30:Infinity":0,"f:10:47:10:48":0,"b:10:79:10:86":0,"s:11:2:28:Infinity":1,"b:12:78:12:97:12:97:12:99":1,"b:14:8:14:Infinity:16:8:19:Infinity":2,"b:23:309:23:318:23:318:23:320":3}}}
,"/Users/sthwaites/src/solo/mouthwash/src/hooks/useAudioRecorder.ts": {"path":"/Users/sthwaites/src/solo/mouthwash/src/hooks/useAudioRecorder.ts","statementMap":{"0":{"start":{"line":14,"column":36},"end":{"line":14,"column":null}},"1":{"start":{"line":15,"column":42},"end":{"line":15,"column":null}},"2":{"start":{"line":16,"column":32},"end":{"line":16,"column":null}},"3":{"start":{"line":17,"column":24},"end":{"line":17,"column":null}},"4":{"start":{"line":19,"column":8},"end":{"line":19,"column":null}},"5":{"start":{"line":20,"column":8},"end":{"line":20,"column":null}},"6":{"start":{"line":23,"column":2},"end":{"line":30,"column":null}},"7":{"start":{"line":24,"column":4},"end":{"line":29,"column":null}},"8":{"start":{"line":25,"column":6},"end":{"line":28,"column":null}},"9":{"start":{"line":26,"column":8},"end":{"line":26,"column":null}},"10":{"start":{"line":27,"column":8},"end":{"line":27,"column":null}},"11":{"start":{"line":27,"column":71},"end":{"line":27,"column":83}},"12":{"start":{"line":32,"column":8},"end":{"line":80,"column":null}},"13":{"start":{"line":33,"column":4},"end":{"line":33,"column":null}},"14":{"start":{"line":34,"column":4},"end":{"line":34,"column":null}},"15":{"start":{"line":35,"column":4},"end":{"line":35,"column":null}},"16":{"start":{"line":37,"column":4},"end":{"line":79,"column":null}},"17":{"start":{"line":38,"column":21},"end":{"line":38,"column":null}},"18":{"start":{"line":41,"column":23},"end":{"line":45,"column":null}},"19":{"start":{"line":47,"column":6},"end":{"line":49,"column":null}},"20":{"start":{"line":48,"column":8},"end":{"line":48,"column":null}},"21":{"start":{"line":51,"column":23},"end":{"line":51,"column":null}},"22":{"start":{"line":52,"column":6},"end":{"line":52,"column":null}},"23":{"start":{"line":54,"column":6},"end":{"line":58,"column":null}},"24":{"start":{"line":55,"column":8},"end":{"line":57,"column":null}},"25":{"start":{"line":56,"column":10},"end":{"line":56,"column":null}},"26":{"start":{"line":60,"column":6},"end":{"line":66,"column":null}},"27":{"start":{"line":61,"column":21},"end":{"line":61,"column":null}},"28":{"start":{"line":62,"column":8},"end":{"line":62,"column":null}},"29":{"start":{"line":65,"column":8},"end":{"line":65,"column":null}},"30":{"start":{"line":65,"column":46},"end":{"line":65,"column":58}},"31":{"start":{"line":68,"column":6},"end":{"line":68,"column":null}},"32":{"start":{"line":69,"column":6},"end":{"line":69,"column":null}},"33":{"start":{"line":71,"column":6},"end":{"line":71,"column":null}},"34":{"start":{"line":72,"column":20},"end":{"line":72,"column":null}},"35":{"start":{"line":73,"column":6},"end":{"line":77,"column":null}},"36":{"start":{"line":74,"column":8},"end":{"line":76,"column":null}},"37":{"start":{"line":75,"column":10},"end":{"line":75,"column":null}},"38":{"start":{"line":78,"column":6},"end":{"line":78,"column":null}},"39":{"start":{"line":82,"column":8},"end":{"line":87,"column":null}},"40":{"start":{"line":83,"column":4},"end":{"line":86,"column":null}},"41":{"start":{"line":84,"column":6},"end":{"line":84,"column":null}},"42":{"start":{"line":85,"column":6},"end":{"line":85,"column":null}},"43":{"start":{"line":89,"column":8},"end":{"line":94,"column":null}},"44":{"start":{"line":90,"column":4},"end":{"line":90,"column":null}},"45":{"start":{"line":91,"column":4},"end":{"line":91,"column":null}},"46":{"start":{"line":92,"column":4},"end":{"line":92,"column":null}},"47":{"start":{"line":93,"column":4},"end":{"line":93,"column":null}},"48":{"start":{"line":96,"column":2},"end":{"line":104,"column":null}}},"fnMap":{"0":{"name":"useAudioRecorder","decl":{"start":{"line":13,"column":16},"end":{"line":13,"column":59}},"loc":{"start":{"line":13,"column":59},"end":{"line":105,"column":null}},"line":13},"1":{"name":"(anonymous_1)","decl":{"start":{"line":23,"column":12},"end":{"line":23,"column":18}},"loc":{"start":{"line":23,"column":18},"end":{"line":30,"column":5}},"line":23},"2":{"name":"(anonymous_2)","decl":{"start":{"line":24,"column":11},"end":{"line":24,"column":17}},"loc":{"start":{"line":24,"column":17},"end":{"line":29,"column":null}},"line":24},"3":{"name":"(anonymous_3)","decl":{"start":{"line":27,"column":60},"end":{"line":27,"column":61}},"loc":{"start":{"line":27,"column":71},"end":{"line":27,"column":83}},"line":27},"4":{"name":"(anonymous_4)","decl":{"start":{"line":32,"column":37},"end":{"line":32,"column":49}},"loc":{"start":{"line":32,"column":49},"end":{"line":80,"column":5}},"line":32},"5":{"name":"(anonymous_5)","decl":{"start":{"line":54,"column":33},"end":{"line":54,"column":34}},"loc":{"start":{"line":54,"column":44},"end":{"line":58,"column":null}},"line":54},"6":{"name":"(anonymous_6)","decl":{"start":{"line":60,"column":24},"end":{"line":60,"column":30}},"loc":{"start":{"line":60,"column":30},"end":{"line":66,"column":null}},"line":60},"7":{"name":"(anonymous_7)","decl":{"start":{"line":65,"column":35},"end":{"line":65,"column":36}},"loc":{"start":{"line":65,"column":46},"end":{"line":65,"column":58}},"line":65},"8":{"name":"(anonymous_8)","decl":{"start":{"line":82,"column":36},"end":{"line":82,"column":48}},"loc":{"start":{"line":82,"column":48},"end":{"line":87,"column":5}},"line":82},"9":{"name":"(anonymous_9)","decl":{"start":{"line":89,"column":28},"end":{"line":89,"column":34}},"loc":{"start":{"line":89,"column":34},"end":{"line":94,"column":5}},"line":89}},"branchMap":{"0":{"loc":{"start":{"line":25,"column":6},"end":{"line":28,"column":null}},"type":"if","locations":[{"start":{"line":25,"column":6},"end":{"line":28,"column":null}},{"start":{},"end":{}}],"line":25},"1":{"loc":{"start":{"line":25,"column":10},"end":{"line":25,"column":51}},"type":"binary-expr","locations":[{"start":{"line":25,"column":10},"end":{"line":25,"column":38}},{"start":{"line":25,"column":38},"end":{"line":25,"column":51}}],"line":25},"2":{"loc":{"start":{"line":41,"column":23},"end":{"line":45,"column":null}},"type":"cond-expr","locations":[{"start":{"line":42,"column":10},"end":{"line":42,"column":null}},{"start":{"line":43,"column":10},"end":{"line":45,"column":null}}],"line":41},"3":{"loc":{"start":{"line":43,"column":10},"end":{"line":45,"column":null}},"type":"cond-expr","locations":[{"start":{"line":44,"column":10},"end":{"line":44,"column":null}},{"start":{"line":45,"column":10},"end":{"line":45,"column":null}}],"line":43},"4":{"loc":{"start":{"line":47,"column":6},"end":{"line":49,"co
[...]
,"/Users/sthwaites/src/solo/mouthwash/src/hooks/useLocalStorage.ts": {"path":"/Users/sthwaites/src/solo/mouthwash/src/hooks/useLocalStorage.ts","statementMap":{"0":{"start":{"line":4,"column":36},"end":{"line":12,"column":null}},"1":{"start":{"line":5,"column":4},"end":{"line":11,"column":null}},"2":{"start":{"line":6,"column":19},"end":{"line":6,"column":null}},"3":{"start":{"line":7,"column":6},"end":{"line":7,"column":null}},"4":{"start":{"line":9,"column":6},"end":{"line":9,"column":null}},"5":{"start":{"line":10,"column":6},"end":{"line":10,"column":null}},"6":{"start":{"line":14,"column":19},"end":{"line":22,"column":null}},"7":{"start":{"line":15,"column":4},"end":{"line":21,"column":null}},"8":{"start":{"line":16,"column":27},"end":{"line":16,"column":null}},"9":{"start":{"line":17,"column":6},"end":{"line":17,"column":null}},"10":{"start":{"line":18,"column":6},"end":{"line":18,"column":null}},"11":{"start":{"line":20,"column":6},"end":{"line":20,"column":null}},"12":{"start":{"line":24,"column":2},"end":{"line":24,"column":null}}},"fnMap":{"0":{"name":"useLocalStorage","decl":{"start":{"line":3,"column":9},"end":{"line":3,"column":28}},"loc":{"start":{"line":3,"column":58},"end":{"line":25,"column":null}},"line":3},"1":{"name":"(anonymous_1)","decl":{"start":{"line":4,"column":52},"end":{"line":4,"column":58}},"loc":{"start":{"line":4,"column":58},"end":{"line":12,"column":3}},"line":4},"2":{"name":"(anonymous_2)","decl":{"start":{"line":14,"column":19},"end":{"line":14,"column":20}},"loc":{"start":{"line":14,"column":51},"end":{"line":22,"column":null}},"line":14}},"branchMap":{"0":{"loc":{"start":{"line":7,"column":13},"end":{"line":7,"column":null}},"type":"cond-expr","locations":[{"start":{"line":7,"column":20},"end":{"line":7,"column":39}},{"start":{"line":7,"column":39},"end":{"line":7,"column":null}}],"line":7},"1":{"loc":{"start":{"line":16,"column":27},"end":{"line":16,"column":null}},"type":"cond-expr","locations":[{"start":{"line":16,"column":55},"end":{"line":16,"column":76}},{"start":{"line":16,"column":76},"end":{"line":16,"column":null}}],"line":16}},"s":{"0":39,"1":37,"2":37,"3":37,"4":0,"5":0,"6":39,"7":2,"8":2,"9":2,"10":2,"11":0,"12":39},"f":{"0":39,"1":37,"2":2},"b":{"0":[1,36],"1":[1,1]},"meta":{"lastBranch":2,"lastFunction":3,"lastStatement":13,"seen":{"f:3:9:3:28":0,"s:4:36:12:Infinity":0,"f:4:52:4:58":1,"s:5:4:11:Infinity":1,"s:6:19:6:Infinity":2,"s:7:6:7:Infinity":3,"b:7:20:7:39:7:39:7:Infinity":0,"s:9:6:9:Infinity":4,"s:10:6:10:Infinity":5,"s:14:19:22:Infinity":6,"f:14:19:14:20":2,"s:15:4:21:Infinity":7,"s:16:27:16:Infinity":8,"b:16:55:16:76:16:76:16:Infinity":1,"s:17:6:17:Infinity":9,"s:18:6:18:Infinity":10,"s:20:6:20:Infinity":11,"s:24:2:24:Infinity":12}}}
,"/Users/sthwaites/src/solo/mouthwash/src/hooks/useTheme.ts": {"path":"/Users/sthwaites/src/solo/mouthwash/src/hooks/useTheme.ts","statementMap":{"0":{"start":{"line":6,"column":24},"end":{"line":12,"column":null}},"1":{"start":{"line":7,"column":4},"end":{"line":10,"column":null}},"2":{"start":{"line":8,"column":26},"end":{"line":8,"column":null}},"3":{"start":{"line":9,"column":6},"end":{"line":9,"column":null}},"4":{"start":{"line":11,"column":4},"end":{"line":11,"column":null}},"5":{"start":{"line":14,"column":2},"end":{"line":43,"column":null}},"6":{"start":{"line":15,"column":17},"end":{"line":15,"column":null}},"7":{"start":{"line":17,"column":23},"end":{"line":28,"column":null}},"8":{"start":{"line":18,"column":6},"end":{"line":18,"column":null}},"9":{"start":{"line":20,"column":6},"end":{"line":27,"column":null}},"10":{"start":{"line":21,"column":28},"end":{"line":23,"column":null}},"11":{"start":{"line":24,"column":8},"end":{"line":24,"column":null}},"12":{"start":{"line":26,"column":8},"end":{"line":26,"column":null}},"13":{"start":{"line":30,"column":4},"end":{"line":30,"column":null}},"14":{"start":{"line":32,"column":4},"end":{"line":40,"column":null}},"15":{"start":{"line":33,"column":25},"end":{"line":33,"column":null}},"16":{"start":{"line":34,"column":27},"end":{"line":36,"column":null}},"17":{"start":{"line":35,"column":8},"end":{"line":35,"column":null}},"18":{"start":{"line":38,"column":6},"end":{"line":38,"column":null}},"19":{"start":{"line":39,"column":6},"end":{"line":39,"column":null}},"20":{"start":{"line":39,"column":19},"end":{"line":39,"column":null}},"21":{"start":{"line":42,"column":4},"end":{"line":42,"column":null}},"22":{"start":{"line":45,"column":2},"end":{"line":45,"column":null}}},"fnMap":{"0":{"name":"useTheme","decl":{"start":{"line":5,"column":16},"end":{"line":5,"column":27}},"loc":{"start":{"line":5,"column":27},"end":{"line":46,"column":null}},"line":5},"1":{"name":"(anonymous_1)","decl":{"start":{"line":6,"column":44},"end":{"line":6,"column":50}},"loc":{"start":{"line":6,"column":50},"end":{"line":12,"column":3}},"line":6},"2":{"name":"(anonymous_2)","decl":{"start":{"line":14,"column":12},"end":{"line":14,"column":18}},"loc":{"start":{"line":14,"column":18},"end":{"line":43,"column":5}},"line":14},"3":{"name":"(anonymous_3)","decl":{"start":{"line":17,"column":23},"end":{"line":17,"column":24}},"loc":{"start":{"line":17,"column":48},"end":{"line":28,"column":null}},"line":17},"4":{"name":"(anonymous_4)","decl":{"start":{"line":34,"column":27},"end":{"line":34,"column":33}},"loc":{"start":{"line":34,"column":33},"end":{"line":36,"column":null}},"line":34},"5":{"name":"(anonymous_5)","decl":{"start":{"line":39,"column":13},"end":{"line":39,"column":19}},"loc":{"start":{"line":39,"column":19},"end":{"line":39,"column":null}},"line":39}},"branchMap":{"0":{"loc":{"start":{"line":7,"column":4},"end":{"line":10,"column":null}},"type":"if","locations":[{"start":{"line":7,"column":4},"end":{"line":10,"column":null}},{"start":{},"end":{}}],"line":7},"1":{"loc":{"start":{"line":9,"column":13},"end":{"line":9,"column":null}},"type":"binary-expr","locations":[{"start":{"line":9,"column":13},"end":{"line":9,"column":28}},{"start":{"line":9,"column":28},"end":{"line":9,"column":null}}],"line":9},"2":{"loc":{"start":{"line":20,"column":6},"end":{"line":27,"column":null}},"type":"if","locations":[{"start":{"line":20,"column":6},"end":{"line":27,"column":null}},{"start":{"line":25,"column":13},"end":{"line":27,"column":null}}],"line":20},"3":{"loc":{"start":{"line":21,"column":28},"end":{"line":23,"column":null}},"type":"cond-expr","locations":[{"start":{"line":22,"column":12},"end":{"line":22,"column":null}},{"start":{"line":23,"column":12},"end":{"line":23,"column":null}}],"line":21},"4":{"loc":{"start":{"line":32,"column":4},"end":{"line":40,"column":null}},"type":"if","locations":[{"start":{"line":32,"column":4},"end":{"line":40,"column":null}},{"start":{},"end":{}}],"line":32}},"s":{"0":3,"1":3,"2":3,"3":3,"4":0,"5":3,"6":3,"7":3,"8":3,"9":3,"10":3,"11":3,"12":0,"13":3,"14":3,"15":3,"16":3,"17":0,"18":3,"19":3,"20":3,"21":0,"22":3},"f":{"0":3,"1":3,"2":3,"3":3,"4":0,"5":3},"b":{"0":[3,0],"1":[3,3],"2":[3,0],"3":[0,3],"4":[3,0]},"meta":{"lastBranch":5,"lastFunction":6,"lastStatement":23,"seen":{"f:5:16:5:27":0,"s:6:24:12:Infinity":0,"f:6:44:6:50":1,"b:7:4:10:Infinity:undefined:undefined:undefined:undefined":0,"s:7:4:10:Infinity":1,"s:8:26:8:Infinity":2,"s:9:6:9:Infinity":3,"b:9:13:9:28:9:28:9:Infinity":1,"s:11:4:11:Infinity":4,"s:14:2:43:Infinity":5,"f:14:12:14:18":2,"s:15:17:15:Infinity":6,"s:17:23:28:Infinity":7,"f:17:23:17:24":3,"s:18:6:18:Infinity":8,"b:20:6:27:Infinity:25:13:27:Infinity":2,"s:20:6:27:Infinity":9,"s:21:28:23:Infinity":10,"b:22:12:22:Infinity:23:12:23:Infinity":3,"s:24:8:24:Infinity":11,"s:26:8:26:Infinity":12,"s:30:4:30:Infinity":13,"b:32:4:40:Infinity:undefined:undefined:undefined:undefined":4,"s:32:4:40:Infinity":14,"s:33:25:33:Infinity":15,"s:34:27:36:Infinity":16,"f:34:27:34:33":4,"s:35:8:35:Infinity":17,"s:38:6:38:Infinity":18,"s:39:6:39:Infinity":19,"f:39:13:39:19":5,"s:39:19:39:Infinity":20,"s:42:4:42:Infinity":21,"s:45:2:45:Infinity":22}}}
,"/Users/sthwaites/src/solo/mouthwash/src/lib/env.ts": {"path":"/Users/sthwaites/src/solo/mouthwash/src/lib/env.ts","statementMap":{"0":{"start":{"line":20,"column":2},"end":{"line":22,"column":null}},"1":{"start":{"line":21,"column":4},"end":{"line":21,"column":null}},"2":{"start":{"line":25,"column":2},"end":{"line":27,"column":null}},"3":{"start":{"line":26,"column":4},"end":{"line":26,"column":null}},"4":{"start":{"line":29,"column":2},"end":{"line":29,"column":null}},"5":{"start":{"line":36,"column":2},"end":{"line":36,"column":null}}},"fnMap":{"0":{"name":"getEnvApiKey","decl":{"start":{"line":18,"column":51},"end":{"line":18,"column":null}},"loc":{"start":{"line":18,"column":51},"end":{"line":30,"column":null}},"line":18},"1":{"name":"isEnvKeyPresent","decl":{"start":{"line":35,"column":16},"end":{"line":35,"column":43}},"loc":{"start":{"line":35,"column":43},"end":{"line":37,"column":null}},"line":35}},"branchMap":{"0":{"loc":{"start":{"line":20,"column":2},"end":{"line":22,"column":null}},"type":"if","locations":[{"start":{"line":20,"column":2},"end":{"line":22,"column":null}},{"start":{},"end":{}}],"line":20},"1":{"loc":{"start":{"line":20,"column":6},"end":{"line":20,"column":67}},"type":"binary-expr","locations":[{"start":{"line":20,"column":6},"end":{"line":20,"column":39}},{"start":{"line":20,"column":39},"end":{"line":20,"column":67}}],"line":20},"2":{"loc":{"start":{"line":25,"column":2},"end":{"line":27,"column":null}},"type":"if","locations":[{"start":{"line":25,"column":2},"end":{"line":27,"column":null}},{"start":{},"end":{}}],"line":25}},"s":{"0":10,"1":2,"2":8,"3":0,"4":8,"5":5},"f":{"0":10,"1":5},"b":{"0":[2,8],"1":[10,10],"2":[0,8]},"meta":{"lastBranch":3,"lastFunction":2,"lastStatement":6,"seen":{"f:18:51:18:Infinity":0,"b:20:2:22:Infinity:undefined:undefined:undefined:undefined":0,"s:20:2:22:Infinity":0,"b:20:6:20:39:20:39:20:67":1,"s:21:4:21:Infinity":1,"b:25:2:27:Infinity:undefined:undefined:undefined:undefined":2,"s:25:2:27:Infinity":2,"s:26:4:26:Infinity":3,"s:29:2:29:Infinity":4,"f:35:16:35:43":1,"s:36:2:36:Infinity":5}}}
,"/Users/sthwaites/src/solo/mouthwash/src/lib/openai.ts": {"path":"/Users/sthwaites/src/solo/mouthwash/src/lib/openai.ts","statementMap":{"0":{"start":{"line":4,"column":32},"end":{"line":9,"column":null}},"1":{"start":{"line":14,"column":38},"end":{"line":14,"column":null}},"2":{"start":{"line":23,"column":47},"end":{"line":52,"column":null}},"3":{"start":{"line":61,"column":2},"end":{"line":63,"column":null}},"4":{"start":{"line":62,"column":4},"end":{"line":62,"column":null}},"5":{"start":{"line":65,"column":17},"end":{"line":68,"column":null}},"6":{"start":{"line":70,"column":26},"end":{"line":70,"column":null}},"7":{"start":{"line":71,"column":2},"end":{"line":73,"column":null}},"8":{"start":{"line":72,"column":4},"end":{"line":72,"column":null}},"9":{"start":{"line":75,"column":2},"end":{"line":103,"column":null}},"10":{"start":{"line":76,"column":23},"end":{"line":82,"column":null}},"11":{"start":{"line":84,"column":4},"end":{"line":84,"column":null}},"12":{"start":{"line":86,"column":4},"end":{"line":86,"column":null}},"13":{"start":{"line":88,"column":4},"end":{"line":100,"column":null}},"14":{"start":{"line":89,"column":6},"end":{"line":99,"column":null}},"15":{"start":{"line":91,"column":10},"end":{"line":91,"column":null}},"16":{"start":{"line":93,"column":10},"end":{"line":93,"column":null}},"17":{"start":{"line":96,"column":10},"end":{"line":96,"column":null}},"18":{"start":{"line":98,"column":10},"end":{"line":98,"column":null}},"19":{"start":{"line":102,"column":4},"end":{"line":102,"column":null}},"20":{"start":{"line":110,"column":2},"end":{"line":112,"column":null}},"21":{"start":{"line":111,"column":4},"end":{"line":111,"column":null}},"22":{"start":{"line":114,"column":17},"end":{"line":117,"column":null}},"23":{"start":{"line":119,"column":2},"end":{"line":132,"column":null}},"24":{"start":{"line":120,"column":26},"end":{"line":123,"column":null}},"25":{"start":{"line":125,"column":4},"end":{"line":125,"column":null}},"26":{"start":{"line":127,"column":4},"end":{"line":127,"column":null}},"27":{"start":{"line":128,"column":4},"end":{"line":130,"column":null}},"28":{"start":{"line":129,"column":6},"end":{"line":129,"column":null}},"29":{"start":{"line":131,"column":4},"end":{"line":131,"column":null}},"30":{"start":{"line":144,"column":2},"end":{"line":146,"column":null}},"31":{"start":{"line":145,"column":4},"end":{"line":145,"column":null}},"32":{"start":{"line":148,"column":17},"end":{"line":151,"column":null}},"33":{"start":{"line":153,"column":2},"end":{"line":188,"column":null}},"34":{"start":{"line":155,"column":4},"end":{"line":159,"column":null}},"35":{"start":{"line":161,"column":4},"end":{"line":161,"column":null}},"36":{"start":{"line":163,"column":4},"end":{"line":163,"column":null}},"37":{"start":{"line":165,"column":4},"end":{"line":182,"column":null}},"38":{"start":{"line":166,"column":6},"end":{"line":181,"column":null}},"39":{"start":{"line":168,"column":10},"end":{"line":168,"column":null}},"40":{"start":{"line":170,"column":10},"end":{"line":173,"column":null}},"41":{"start":{"line":175,"column":10},"end":{"line":178,"column":null}},"42":{"start":{"line":180,"column":10},"end":{"line":180,"column":null}},"43":{"start":{"line":184,"column":4},"end":{"line":187,"column":null}}},"fnMap":{"0":{"name":"processText","decl":{"start":{"line":54,"column":22},"end":{"line":54,"column":null}},"loc":{"start":{"line":60,"column":19},"end":{"line":104,"column":null}},"line":60},"1":{"name":"transcribeAudio","decl":{"start":{"line":106,"column":22},"end":{"line":106,"column":null}},"loc":{"start":{"line":109,"column":19},"end":{"line":133,"column":null}},"line":109},"2":{"name":"validateConfiguration","decl":{"start":{"line":140,"column":22},"end":{"line":140,"column":null}},"loc":{"start":{"line":143,"column":29},"end":{"line":189,"column":null}},"line":143}},"branchMap":{"0":{"loc":{"start":{"line":58,"column":2},"end":{"line":58,"column":null}},"type":"default-arg","locations":[{"start":{"line":58,"column":18},"end":{"line":58,"column":null}}],"line":58},"1":{"loc":{"start":{"line":59,"column":2},"end":{"line":59,"column":null}},"type":"default-arg","locations":[{"start":{"line":59,"column":23},"end":{"line":59,"column":null}}],"line":59},"2":{"loc":{"start":{"line":61,"column":2},"end":{"line":63,"column":null}},"type":"if","locations":[{"start":{"line":61,"column":2},"end":{"line":63,"column":null}},{"start":{},"end":{}}],"line":61},"3":{"loc":{"start":{"line":71,"column":2},"end":{"line":73,"column":null}},"type":"if","locations":[{"start":{"line":71,"column":2},"end":{"line":73,"column":null}},{"start":{},"end":{}}],"line":71},"4":{"loc":{"start":{"line":84,"column":11},"end":{"line":84,"column":null}},"type":"binary-expr","locations":[{"start":{"line":84,"column":11},"end":{"line":84,"column":54}},{"start":{"line":84,"column":54},"end":{"line":84,"column":null}}],"line":84},"5":{"loc":{"start":{"line":88,"column":4},"end":{"line":100,"column":null}},"type":"if","locations":[{"start":{"line":88,"column":4},"end":{"line":100,"column":null}},{"start":{},"end":{}}],"line":88},"6":{"loc":{"start":{"line":89,"column":6},"end":{"line":99,"column":null}},"type":"switch","locations":[{"start":{"line":90,"column":8},"end":{"line":91,"column":null}},{"start":{"line":92,"column":8},"end":{"line":93,"column":null}},{"start":{"line":94,"column":8},"end":{"line":94,"column":null}},{"start":{"line":95,"column":8},"end":{"line":96,"column":null}},{"start":{"line":97,"column":8},"end":{"line":98,"column":null}}],"line":89},"7":{"loc":{"start":{"line":110,"column":2},"end":{"line":112,"column":null}},"type":"if","locations":[{"start":{"line":110,"column":2},"end":{"line":112,"column":null}},{"start":{},"end":{}}],"line":110},"8":{"loc":{"start":{"line":128,"column":4},"end":{"line":130,"column":null}},"type":"if","locations":[{"start":{"line":128,"column":4},"end":{"line":130,"column":null}},{"start":{},"end":{}}],"line":128},"9":{"loc":{"start":{"line":144,"column":2},"end":{"line":146,"column":null}},"type":"if","locations":[{"start":{"line":144,"column":2},"end":{"line":146,"column":null}},{"start":{},"end":{}}],"line":144},"10":{"loc":{"start":{"line":165,"column":4},"end":{"line":182,"column":null}},"type":"if","locations":[{"start":{"line":165,"column":4},"end":{"line":182,"column":null}},{"start":{},"end":{}}],"line":165},"11":{"loc":{"start":{"line":166,"column":6},"end":{"line":181,"column":null}},"type":"switch","locations":[{"start":{"line":167,"column":8},"end":{"line":168,"column":null}},{"start":{"line":169,"column":8},"end":{"line":173,"column":null}},{"start":{"line":174,"column":8},"end":{"line":178,"column":null}},{"start":{"line":179,"column":8},"end":{"line":180,"column":null}}],"line":166},"12":{"loc":{"start":{"line":186,"column":15},"end":{"line":186,"column":null}},"type":"cond-expr","locations":[{"start":{"line":186,"column":40},"end":{"line":186,"column":56}},{"start":{"line":186,"column":56},"end":{"line":186,"column":null}}],"line":186}},"s":{"0":2,"1":2,"2":2,"3":3,"4":1,"5":2,"6":2,"7":2,"8":1,"9":2,"10":2,"11":2,"12":0,"13":0,"14":0,"15":0,"16":0,"17":0,"18":0,"19":0,"20":0,"21":0,"22":0,"23":0,"24":0,"25":0,"26":0,"27":0,"28":0,"29":0,"30":2,"31":0,"32":2,"33":2,"34":2,"35":1,"36":1,"37":1,"38":0,"39":0,"40":0,"41":0,"42":0,"43":1},"f":{"0":3,"1":0,"2":2},"b":{"0":[3],"1":[3],"2":[1,2],"3":[1,1],"4":[2,0],"5":[0,0],"6":[0,0,0,0,0],"7":[0,0],"8":[0,0],"9":[0,2],"10":[0,1],"11":[0,0,0,0],"12":[1,0]},"meta":{"lastBranch":13,"lastFunction":3,"lastStatement":44,"seen":{"s:4:32:9:Infinity":0,"s:14:38:14:Infinity":1,"s:23:47:52:Infinity":2,"f:54:22:54:Infinity":0,"b:58:18:58:Infinity":0,"b:59:23:59:Infinity":1,"b:61:2:63:Infinity:undefined:undefined:undefined:undefined":2,"s:61:2:63:Infinity":3,"s:62:4:62:Infinity":4,"s:65:17:68:Infinity":5,"s:70:26:70:Infinity":6,"b:71:2:73:Infinity:undefined:undefined:undefined:undefined":3,"s:71:2:73:Infinity":7,"s:72:4:72:Infinity":8,"s:75:2:103:Infinity":9,"s:76:23:82:Infinity":10,"s:84:4:84:Infinity":11,"b:84:11:84:54:84:54:84:Infinity":4,"s:86:4:86:Infinity":12,"b:88:4:100:Infinity:undefined:undefined:undefined:undefined":5,"s:88:4:100:Infinity":13,"b:90:8:91:Infinity:92:8:93:Infinity:94:8:94:Infinity:95:8:96:Infinity:97:8:98:Infinity":6,"s:89:6:99:Infinity":14,"s:91:10:91:Infinity":15,"s:93:10:93:Infinity":16,"s:96:10:96:Infinity":17,"s:98:10:98:Infinity":18,"s:102:4:102:Infinity":19,"f:106:22:106:Infinity":1,"b:110:2:112:Infinity:undefined:undefined:undefined:undefined":7,"s:110:2:112:Infinity":20,"s:111:4:111:Infinity":21,"s:114:17:117:Infinity":22,"s:119:2:132:Infinity":23,"s:120:26:123:Infinity":24,"s:125:4:125:Infinity":25,"s:127:4:127:Infinity":26,"b:128:4:130:Infinity:undefined:undefined:undefined:undefined":8,"s:128:4:130:Infinity":27,"s:129:6:129:Infinity":28,"s:131:4:131:Infinity":29,"f:140:22:140:Infinity":2,"b:144:2:146:Infinity:undefined:undefined:undefined:undefined":9,"s:144:2:146:Infinity":30,"s:145:4:145:Infinity":31,"s:148:17:151:Infinity":32,"s:153:2:188:Infinity":33,"s:155:4:159:Infinity":34,"s:161:4:161:Infinity":35,"s:163:4:163:Infinity":36,"b:165:4:182:Infinity:undefined:undefined:undefined:undefined":10,"s:165:4:182:Infinity":37,"b:167:8:168:Infinity:169:8:173:Infinity:174:8:178:Infinity:179:8:180:Infinity":11,"s:166:6:181:Infinity":38,"s:168:10:168:Infinity":39,"s:170:10:173:Infinity":40,"s:175:10:178:Infinity":41,"s:180:10:180:Infinity":42,"s:184:4:187:Infinity":43,"b:186:40:186:56:186:56:186:Infinity":12}}}
}
